<?xml version="1.0" encoding="utf-8"?><testsuites name="pytest tests"><testsuite name="pytest" errors="0" failures="0" skipped="0" tests="22" time="6.361" timestamp="2026-04-02T14:48:39.757781+00:00" hostname="agent-env-7e030b1d-0dd2-45f1-87d5-fe8c845e9cbf"><testcase classname="backend.tests.test_whistle_matrix.TestWhistleMatrixRebuild" name="test_rebuild_returns_whistle_matrix_stats" time="0.904" /><testcase classname="backend.tests.test_whistle_matrix.TestWhistleMatrixRebuild" name="test_rebuild_whistle_matrix_has_modifier_counts" time="0.809" /><testcase classname="backend.tests.test_whistle_matrix.TestWhistleMatrixRebuild" name="test_rebuild_pipeline_name_includes_whistle_matrix" time="0.760" /><testcase classname="backend.tests.test_whistle_matrix.TestSyncRefsEndpoint" name="test_sync_refs_returns_200" time="0.310" /><testcase classname="backend.tests.test_whistle_matrix.TestSyncRefsEndpoint" name="test_sync_refs_returns_stats" time="0.825" /><testcase classname="backend.tests.test_whistle_matrix.TestSyncRefsEndpoint" name="test_sync_refs_returns_synced_at" time="0.272" /><testcase classname="backend.tests.test_whistle_matrix.TestSyncRefsEndpoint" name="test_sync_refs_has_fallback_data" time="0.326" /><testcase classname="backend.tests.test_whistle_matrix.TestRefsEndpoint" name="test_refs_returns_200" time="0.099" /><testcase classname="backend.tests.test_whistle_matrix.TestRefsEndpoint" name="test_refs_returns_assignments_array" time="0.129" /><testcase classname="backend.tests.test_whistle_matrix.TestRefsEndpoint" name="test_refs_returns_total_refs_in_cache" time="0.102" /><testcase classname="backend.tests.test_whistle_matrix.TestRefsEndpoint" name="test_refs_assignments_have_whistle_class" time="0.367" /><testcase classname="backend.tests.test_whistle_matrix.TestSafeHavenWhistleFields" name="test_safe_haven_picks_have_whistle_fields" time="0.107" /><testcase classname="backend.tests.test_whistle_matrix.TestSafeHavenWhistleFields" name="test_safe_haven_whistle_class_valid_values" time="0.132" /><testcase classname="backend.tests.test_whistle_matrix.TestSafeHavenWhistleFields" name="test_safe_haven_whistle_modifier_numeric" time="0.126" /><testcase classname="backend.tests.test_whistle_matrix.TestFrontLinesWhistleFields" name="test_front_lines_picks_have_whistle_fields" time="0.135" /><testcase classname="backend.tests.test_whistle_matrix.TestWarZoneWhistleFields" name="test_war_zone_picks_have_whistle_fields" time="0.105" /><testcase classname="backend.tests.test_whistle_matrix.TestPowerScoreWithWhistleModifier" name="test_power_score_includes_whistle_modifier" time="0.109" /><testcase classname="backend.tests.test_whistle_matrix.TestPowerScoreWithWhistleModifier" name="test_power_score_range_with_modifier" time="0.132" /><testcase classname="backend.tests.test_whistle_matrix.TestPowerScoreWithWhistleModifier" name="test_whistle_modifier_values" time="0.120" /><testcase classname="backend.tests.test_whistle_matrix.TestWhistleModifierLogic" name="test_high_whistle_positive_modifier" time="0.175" /><testcase classname="backend.tests.test_whistle_matrix.TestWhistleModifierLogic" name="test_low_whistle_negative_modifier" time="0.119" /><testcase classname="backend.tests.test_whistle_matrix.TestWhistleModifierLogic" name="test_neutral_whistle_zero_modifier" time="0.139" /></testsuite></testsuites>