<?xml version="1.0" encoding="utf-8"?><testsuites name="pytest tests"><testsuite name="pytest" errors="0" failures="0" skipped="0" tests="14" time="3.941" timestamp="2026-06-01T19:24:03.724582+00:00" hostname="agent-env-2c8658b7-1e6f-4971-8051-37345db57ddd"><testcase classname="tests.test_team_tier_endpoints.TestTeamTierEndpoints" name="test_mlb_safe_haven_returns_scored_picks" time="3.118" /><testcase classname="tests.test_team_tier_endpoints.TestTeamTierEndpoints" name="test_mlb_front_lines_returns_scored_picks" time="0.153" /><testcase classname="tests.test_team_tier_endpoints.TestTeamTierEndpoints" name="test_mlb_war_zone_returns_scored_picks" time="0.114" /><testcase classname="tests.test_team_tier_endpoints.TestTeamTierEndpoints" name="test_nba_safe_haven_returns_empty_without_error" time="0.008" /><testcase classname="tests.test_team_tier_endpoints.TestTeamTierEndpoints" name="test_nba_front_lines_returns_empty_without_error" time="0.008" /><testcase classname="tests.test_team_tier_endpoints.TestTeamTierEndpoints" name="test_nba_war_zone_returns_empty_without_error" time="0.009" /><testcase classname="tests.test_team_tier_endpoints.TestTeamTierEndpoints" name="test_invalid_sport_returns_400" time="0.003" /><testcase classname="tests.test_team_tier_endpoints.TestTeamTierEndpoints" name="test_response_envelope_shape" time="0.116" /><testcase classname="tests.test_team_tier_endpoints.TestOddsBudgetEndpoint" name="test_snapshot_returns_budget_fields" time="0.003" /><testcase classname="tests.test_team_tier_endpoints.TestOddsBudgetEndpoint" name="test_snapshot_requires_auth" time="0.003" /><testcase classname="tests.test_team_tier_endpoints.TestOddsBudgetEndpoint" name="test_snapshot_rejects_bad_token" time="0.017" /><testcase classname="tests.test_team_tier_endpoints.TestTeamPickCardFields" name="test_pick_has_team_identity_fields" time="0.094" /><testcase classname="tests.test_team_tier_endpoints.TestTeamPickCardFields" name="test_pick_has_market_fields" time="0.099" /><testcase classname="tests.test_team_tier_endpoints.TestTeamPickCardFields" name="test_pick_has_model_scoring_fields" time="0.100" /></testsuite></testsuites>