<?xml version="1.0" encoding="utf-8"?><testsuites name="pytest tests"><testsuite name="pytest" errors="0" failures="0" skipped="0" tests="72" time="11.734" timestamp="2026-03-15T17:04:34.198786+00:00" hostname="agent-env-7e030b1d-0dd2-45f1-87d5-fe8c845e9cbf"><testcase classname="backend.tests.test_v3_api_refactoring.TestStatusEndpoint" name="test_status_returns_200" time="0.132" /><testcase classname="backend.tests.test_v3_api_refactoring.TestStatusEndpoint" name="test_status_returns_success_true" time="0.109" /><testcase classname="backend.tests.test_v3_api_refactoring.TestStatusEndpoint" name="test_status_has_data_object" time="0.116" /><testcase classname="backend.tests.test_v3_api_refactoring.TestStatusEndpoint" name="test_status_data_has_required_fields" time="0.118" /><testcase classname="backend.tests.test_v3_api_refactoring.TestStatusEndpoint" name="test_status_counts_are_positive" time="0.123" /><testcase classname="backend.tests.test_v3_api_refactoring.TestStatusEndpoint" name="test_status_counts_sum_correctly" time="0.107" /><testcase classname="backend.tests.test_v3_api_refactoring.TestWarZoneEndpoint" name="test_war_zone_returns_200" time="0.132" /><testcase classname="backend.tests.test_v3_api_refactoring.TestWarZoneEndpoint" name="test_war_zone_returns_success_true" time="0.145" /><testcase classname="backend.tests.test_v3_api_refactoring.TestWarZoneEndpoint" name="test_war_zone_has_picks" time="0.123" /><testcase classname="backend.tests.test_v3_api_refactoring.TestWarZoneEndpoint" name="test_war_zone_picks_have_required_fields" time="0.120" /><testcase classname="backend.tests.test_v3_api_refactoring.TestWarZoneEndpoint" name="test_war_zone_returns_up_to_10_picks" time="0.123" /><testcase classname="backend.tests.test_v3_api_refactoring.TestWarZoneEndpoint" name="test_war_zone_picks_have_hit_rates" time="0.133" /><testcase classname="backend.tests.test_v3_api_refactoring.TestGoblinVaultEndpoint" name="test_goblin_vault_returns_200" time="0.115" /><testcase classname="backend.tests.test_v3_api_refactoring.TestGoblinVaultEndpoint" name="test_goblin_vault_returns_success_true" time="0.120" /><testcase classname="backend.tests.test_v3_api_refactoring.TestGoblinVaultEndpoint" name="test_goblin_vault_has_picks" time="0.130" /><testcase classname="backend.tests.test_v3_api_refactoring.TestGoblinVaultEndpoint" name="test_goblin_vault_picks_have_required_fields" time="0.132" /><testcase classname="backend.tests.test_v3_api_refactoring.TestGoblinVaultEndpoint" name="test_goblin_vault_returns_up_to_10_picks" time="0.155" /><testcase classname="backend.tests.test_v3_api_refactoring.TestGoblinVaultEndpoint" name="test_goblin_vault_picks_are_goblins" time="0.126" /><testcase classname="backend.tests.test_v3_api_refactoring.TestFrontLinesEndpoint" name="test_front_lines_returns_200" time="0.151" /><testcase classname="backend.tests.test_v3_api_refactoring.TestFrontLinesEndpoint" name="test_front_lines_returns_success_true" time="0.119" /><testcase classname="backend.tests.test_v3_api_refactoring.TestFrontLinesEndpoint" name="test_front_lines_has_picks" time="0.124" /><testcase classname="backend.tests.test_v3_api_refactoring.TestFrontLinesEndpoint" name="test_front_lines_picks_have_required_fields" time="0.131" /><testcase classname="backend.tests.test_v3_api_refactoring.TestFrontLinesEndpoint" name="test_front_lines_returns_up_to_10_picks" time="0.138" /><testcase classname="backend.tests.test_v3_api_refactoring.TestFrontLinesEndpoint" name="test_front_lines_has_demon_and_goblin_counts" time="0.160" /><testcase classname="backend.tests.test_v3_api_refactoring.TestParlayBuilderEndpoint" name="test_parlay_builder_returns_200" time="0.153" /><testcase classname="backend.tests.test_v3_api_refactoring.TestParlayBuilderEndpoint" name="test_parlay_builder_returns_success_true" time="0.121" /><testcase classname="backend.tests.test_v3_api_refactoring.TestParlayBuilderEndpoint" name="test_parlay_builder_has_parlays" time="0.125" /><testcase classname="backend.tests.test_v3_api_refactoring.TestParlayBuilderEndpoint" name="test_parlay_builder_has_required_parlay_types" time="0.126" /><testcase classname="backend.tests.test_v3_api_refactoring.TestParlayBuilderEndpoint" name="test_parlay_builder_parlays_have_picks" time="0.139" /><testcase classname="backend.tests.test_v3_api_refactoring.TestParlayBuilderEndpoint" name="test_parlay_builder_2_pick_has_2_picks" time="0.138" /><testcase classname="backend.tests.test_v3_api_refactoring.TestParlayBuilderEndpoint" name="test_parlay_builder_picks_have_required_fields" time="0.122" /><testcase classname="backend.tests.test_v3_api_refactoring.TestDataValidation" name="test_all_endpoints_return_valid_json" time="0.815" /><testcase classname="backend.tests.test_v3_api_refactoring.TestDataValidation" name="test_all_endpoints_have_synced_at_timestamp" time="0.521" /><testcase classname="backend.tests.test_v3_api_refactoring.TestDataValidation" name="test_player_names_are_not_empty" time="0.122" /><testcase classname="backend.tests.test_v3_api_refactoring.TestDataValidation" name="test_stat_types_are_valid" time="0.114" /><testcase classname="backend.tests.test_v3_api_refactoring.TestIntegration" name="test_war_zone_uses_demon_data" time="0.157" /><testcase classname="backend.tests.test_v3_api_refactoring.TestIntegration" name="test_goblin_vault_uses_goblin_data" time="0.135" /><testcase classname="backend.tests.test_v3_api_refactoring.TestIntegration" name="test_parlay_builder_picks_unique" time="0.151" /><testcase classname="backend.tests.test_v3_new_services.TestStatusAfterCacheBoardExtraction" name="test_status_returns_correct_structure" time="0.108" /><testcase classname="backend.tests.test_v3_new_services.TestStatusAfterCacheBoardExtraction" name="test_status_shows_positive_player_count" time="0.136" /><testcase classname="backend.tests.test_v3_new_services.TestStatusAfterCacheBoardExtraction" name="test_status_shows_correct_prop_breakdown" time="0.128" /><testcase classname="backend.tests.test_v3_new_services.TestWarZoneAfterTierBuilderExtraction" name="test_war_zone_returns_10_picks" time="0.120" /><testcase classname="backend.tests.test_v3_new_services.TestWarZoneAfterTierBuilderExtraction" name="test_war_zone_picks_have_tier_scoring_fields" time="0.133" /><testcase classname="backend.tests.test_v3_new_services.TestWarZoneAfterTierBuilderExtraction" name="test_war_zone_picks_have_pillar_scores" time="0.121" /><testcase classname="backend.tests.test_v3_new_services.TestWarZoneAfterTierBuilderExtraction" name="test_war_zone_picks_are_demons" time="0.123" /><testcase classname="backend.tests.test_v3_new_services.TestWarZoneAfterTierBuilderExtraction" name="test_war_zone_has_dvp_info" time="0.146" /><testcase classname="backend.tests.test_v3_new_services.TestGoblinVaultAfterTierBuilderExtraction" name="test_goblin_vault_returns_10_picks" time="0.148" /><testcase classname="backend.tests.test_v3_new_services.TestGoblinVaultAfterTierBuilderExtraction" name="test_goblin_vault_picks_have_safety_metrics" time="0.152" /><testcase classname="backend.tests.test_v3_new_services.TestGoblinVaultAfterTierBuilderExtraction" name="test_goblin_vault_picks_are_goblins" time="0.128" /><testcase classname="backend.tests.test_v3_new_services.TestGoblinVaultAfterTierBuilderExtraction" name="test_goblin_vault_has_value_gap" time="0.132" /><testcase classname="backend.tests.test_v3_new_services.TestFrontLinesAfterTierBuilderExtraction" name="test_front_lines_returns_10_picks" time="0.136" /><testcase classname="backend.tests.test_v3_new_services.TestFrontLinesAfterTierBuilderExtraction" name="test_front_lines_has_mixed_types" time="0.141" /><testcase classname="backend.tests.test_v3_new_services.TestFrontLinesAfterTierBuilderExtraction" name="test_front_lines_picks_have_frontlines_score" time="0.126" /><testcase classname="backend.tests.test_v3_new_services.TestFrontLinesAfterTierBuilderExtraction" name="test_front_lines_picks_have_bullet_level" time="0.131" /><testcase classname="backend.tests.test_v3_new_services.TestParlayBuilderAfterExtraction" name="test_parlay_builder_returns_correct_structure" time="0.139" /><testcase classname="backend.tests.test_v3_new_services.TestParlayBuilderAfterExtraction" name="test_parlay_builder_2_pick_has_correct_picks" time="0.140" /><testcase classname="backend.tests.test_v3_new_services.TestParlayBuilderAfterExtraction" name="test_parlay_builder_6_pick_has_correct_picks" time="0.118" /><testcase classname="backend.tests.test_v3_new_services.TestParlayBuilderAfterExtraction" name="test_parlay_builder_has_payout_info" time="0.123" /><testcase classname="backend.tests.test_v3_new_services.TestParlayBuilderAfterExtraction" name="test_parlay_builder_has_combined_probability" time="0.134" /><testcase classname="backend.tests.test_v3_new_services.TestParlayBuilderAfterExtraction" name="test_parlay_builder_two_team_rule_compliance" time="0.152" /><testcase classname="backend.tests.test_v3_new_services.TestParlayBuilderAfterExtraction" name="test_parlay_picks_have_required_fields" time="0.122" /><testcase classname="backend.tests.test_v3_new_services.TestCrossServiceConsistency" name="test_status_matches_war_zone_data" time="0.243" /><testcase classname="backend.tests.test_v3_new_services.TestCrossServiceConsistency" name="test_status_matches_goblin_vault_data" time="0.223" /><testcase classname="backend.tests.test_v3_new_services.TestCrossServiceConsistency" name="test_parlay_picks_from_war_zone_players" time="0.254" /><testcase classname="backend.tests.test_v3_new_services.TestCrossServiceConsistency" name="test_all_tier_endpoints_share_sync_time" time="0.371" /><testcase classname="backend.tests.test_v3_new_services.TestServiceDelegation" name="test_tier_builder_generates_heat_level" time="0.164" /><testcase classname="backend.tests.test_v3_new_services.TestServiceDelegation" name="test_tier_builder_generates_safety_level" time="0.128" /><testcase classname="backend.tests.test_v3_new_services.TestServiceDelegation" name="test_parlay_builder_calculates_payout" time="0.137" /><testcase classname="backend.tests.test_v3_new_services.TestDataIntegrity" name="test_player_names_not_empty" time="0.404" /><testcase classname="backend.tests.test_v3_new_services.TestDataIntegrity" name="test_stat_types_valid" time="0.413" /><testcase classname="backend.tests.test_v3_new_services.TestDataIntegrity" name="test_hit_rates_in_valid_range" time="0.116" /><testcase classname="backend.tests.test_v3_new_services.TestDataIntegrity" name="test_lines_are_positive" time="0.132" /></testsuite></testsuites>