<?xml version="1.0" encoding="utf-8"?><testsuites name="pytest tests"><testsuite name="pytest" errors="0" failures="0" skipped="0" tests="8" time="1.541" timestamp="2026-03-15T07:02:53.789895+00:00" hostname="agent-env-7e030b1d-0dd2-45f1-87d5-fe8c845e9cbf"><testcase classname="tests.test_dvp_calculation.TestDvPCalculation" name="test_goblin_vault_has_dvp_data" time="0.162" /><testcase classname="tests.test_dvp_calculation.TestDvPCalculation" name="test_dvp_values_are_real_not_placeholder" time="0.131" /><testcase classname="tests.test_dvp_calculation.TestDvPCalculation" name="test_dvp_label_matches_modifier_range" time="0.121" /><testcase classname="tests.test_dvp_calculation.TestDvPCalculation" name="test_opponent_correctly_calculated" time="0.126" /><testcase classname="tests.test_dvp_calculation.TestPlayerDetailPageAPI" name="test_cached_player_returns_props" time="0.401" /><testcase classname="tests.test_dvp_calculation.TestPlayerDetailPageAPI" name="test_player_has_opponent_in_cached_board" time="0.312" /><testcase classname="tests.test_dvp_calculation.TestAPIStatus" name="test_v3_status_endpoint" time="0.099" /><testcase classname="tests.test_dvp_calculation.TestAPIStatus" name="test_goblin_vault_endpoint" time="0.139" /></testsuite></testsuites>