<?xml version="1.0" encoding="utf-8"?><testsuites name="pytest tests"><testsuite name="pytest" errors="0" failures="0" skipped="0" tests="16" time="64.186" timestamp="2026-04-02T17:58:33.864599+00:00" hostname="agent-env-7e030b1d-0dd2-45f1-87d5-fe8c845e9cbf"><testcase classname="backend.tests.test_usage_vacuum.TestVacuumCheck" name="test_vacuum_check_returns_success" time="57.058" /><testcase classname="backend.tests.test_usage_vacuum.TestVacuumCheck" name="test_vacuum_check_finds_fallback_injuries" time="0.429" /><testcase classname="backend.tests.test_usage_vacuum.TestVacuumCheck" name="test_vacuum_check_beneficiaries_have_correct_modifiers" time="0.302" /><testcase classname="backend.tests.test_usage_vacuum.TestVacuumUpdates" name="test_vacuum_updates_returns_state" time="0.405" /><testcase classname="backend.tests.test_usage_vacuum.TestVacuumUpdates" name="test_vacuum_updates_has_active_vacuums" time="0.383" /><testcase classname="backend.tests.test_usage_vacuum.TestVacuumUpdates" name="test_vacuum_updates_beneficiaries_format" time="0.316" /><testcase classname="backend.tests.test_usage_vacuum.TestVacuumActive" name="test_vacuum_active_returns_list" time="0.445" /><testcase classname="backend.tests.test_usage_vacuum.TestVacuumActive" name="test_vacuum_active_has_joel_embiid" time="0.379" /><testcase classname="backend.tests.test_usage_vacuum.TestVacuumBeneficiary" name="test_tyrese_maxey_is_primary_beneficiary" time="0.380" /><testcase classname="backend.tests.test_usage_vacuum.TestVacuumBeneficiary" name="test_paul_george_is_secondary_beneficiary" time="0.354" /><testcase classname="backend.tests.test_usage_vacuum.TestVacuumBeneficiary" name="test_non_beneficiary_returns_false" time="0.391" /><testcase classname="backend.tests.test_usage_vacuum.TestVacuumClear" name="test_clear_existing_vacuum" time="0.508" /><testcase classname="backend.tests.test_usage_vacuum.TestVacuumClear" name="test_clear_nonexistent_vacuum" time="0.126" /><testcase classname="backend.tests.test_usage_vacuum.TestVacuumSyncProfiles" name="test_sync_profiles_returns_count" time="0.118" /><testcase classname="backend.tests.test_usage_vacuum.TestFerrariVacuumIntegration" name="test_ferrari_all_has_vacuum_fields" time="1.433" /><testcase classname="backend.tests.test_usage_vacuum.TestFerrariVacuumIntegration" name="test_ferrari_rebuild_reports_vacuum_stats" time="1.069" /></testsuite></testsuites>