<?xml version="1.0" encoding="utf-8"?><testsuites name="pytest tests"><testsuite name="pytest" errors="0" failures="0" skipped="0" tests="34" time="9.798" timestamp="2026-03-15T17:04:18.145108+00:00" hostname="agent-env-7e030b1d-0dd2-45f1-87d5-fe8c845e9cbf"><testcase classname="backend.tests.test_v3_new_services.TestStatusAfterCacheBoardExtraction" name="test_status_returns_correct_structure" time="0.434" /><testcase classname="backend.tests.test_v3_new_services.TestStatusAfterCacheBoardExtraction" name="test_status_shows_positive_player_count" time="0.411" /><testcase classname="backend.tests.test_v3_new_services.TestStatusAfterCacheBoardExtraction" name="test_status_shows_correct_prop_breakdown" time="0.175" /><testcase classname="backend.tests.test_v3_new_services.TestWarZoneAfterTierBuilderExtraction" name="test_war_zone_returns_10_picks" time="0.194" /><testcase classname="backend.tests.test_v3_new_services.TestWarZoneAfterTierBuilderExtraction" name="test_war_zone_picks_have_tier_scoring_fields" time="1.928" /><testcase classname="backend.tests.test_v3_new_services.TestWarZoneAfterTierBuilderExtraction" name="test_war_zone_picks_have_pillar_scores" time="0.133" /><testcase classname="backend.tests.test_v3_new_services.TestWarZoneAfterTierBuilderExtraction" name="test_war_zone_picks_are_demons" time="0.372" /><testcase classname="backend.tests.test_v3_new_services.TestWarZoneAfterTierBuilderExtraction" name="test_war_zone_has_dvp_info" time="0.498" /><testcase classname="backend.tests.test_v3_new_services.TestGoblinVaultAfterTierBuilderExtraction" name="test_goblin_vault_returns_10_picks" time="0.369" /><testcase classname="backend.tests.test_v3_new_services.TestGoblinVaultAfterTierBuilderExtraction" name="test_goblin_vault_picks_have_safety_metrics" time="0.151" /><testcase classname="backend.tests.test_v3_new_services.TestGoblinVaultAfterTierBuilderExtraction" name="test_goblin_vault_picks_are_goblins" time="0.240" /><testcase classname="backend.tests.test_v3_new_services.TestGoblinVaultAfterTierBuilderExtraction" name="test_goblin_vault_has_value_gap" time="0.315" /><testcase classname="backend.tests.test_v3_new_services.TestFrontLinesAfterTierBuilderExtraction" name="test_front_lines_returns_10_picks" time="0.321" /><testcase classname="backend.tests.test_v3_new_services.TestFrontLinesAfterTierBuilderExtraction" name="test_front_lines_has_mixed_types" time="0.222" /><testcase classname="backend.tests.test_v3_new_services.TestFrontLinesAfterTierBuilderExtraction" name="test_front_lines_picks_have_frontlines_score" time="0.126" /><testcase classname="backend.tests.test_v3_new_services.TestFrontLinesAfterTierBuilderExtraction" name="test_front_lines_picks_have_bullet_level" time="0.130" /><testcase classname="backend.tests.test_v3_new_services.TestParlayBuilderAfterExtraction" name="test_parlay_builder_returns_correct_structure" time="0.207" /><testcase classname="backend.tests.test_v3_new_services.TestParlayBuilderAfterExtraction" name="test_parlay_builder_2_pick_has_correct_picks" time="0.131" /><testcase classname="backend.tests.test_v3_new_services.TestParlayBuilderAfterExtraction" name="test_parlay_builder_6_pick_has_correct_picks" time="0.135" /><testcase classname="backend.tests.test_v3_new_services.TestParlayBuilderAfterExtraction" name="test_parlay_builder_has_payout_info" time="0.210" /><testcase classname="backend.tests.test_v3_new_services.TestParlayBuilderAfterExtraction" name="test_parlay_builder_has_combined_probability" time="0.148" /><testcase classname="backend.tests.test_v3_new_services.TestParlayBuilderAfterExtraction" name="test_parlay_builder_two_team_rule_compliance" time="0.184" /><testcase classname="backend.tests.test_v3_new_services.TestParlayBuilderAfterExtraction" name="test_parlay_picks_have_required_fields" time="0.122" /><testcase classname="backend.tests.test_v3_new_services.TestCrossServiceConsistency" name="test_status_matches_war_zone_data" time="0.234" /><testcase classname="backend.tests.test_v3_new_services.TestCrossServiceConsistency" name="test_status_matches_goblin_vault_data" time="0.272" /><testcase classname="backend.tests.test_v3_new_services.TestCrossServiceConsistency" name="test_parlay_picks_from_war_zone_players" time="0.265" /><testcase classname="backend.tests.test_v3_new_services.TestCrossServiceConsistency" name="test_all_tier_endpoints_share_sync_time" time="0.380" /><testcase classname="backend.tests.test_v3_new_services.TestServiceDelegation" name="test_tier_builder_generates_heat_level" time="0.139" /><testcase classname="backend.tests.test_v3_new_services.TestServiceDelegation" name="test_tier_builder_generates_safety_level" time="0.147" /><testcase classname="backend.tests.test_v3_new_services.TestServiceDelegation" name="test_parlay_builder_calculates_payout" time="0.125" /><testcase classname="backend.tests.test_v3_new_services.TestDataIntegrity" name="test_player_names_not_empty" time="0.373" /><testcase classname="backend.tests.test_v3_new_services.TestDataIntegrity" name="test_stat_types_valid" time="0.363" /><testcase classname="backend.tests.test_v3_new_services.TestDataIntegrity" name="test_hit_rates_in_valid_range" time="0.120" /><testcase classname="backend.tests.test_v3_new_services.TestDataIntegrity" name="test_lines_are_positive" time="0.133" /></testsuite></testsuites>