<?xml version="1.0" encoding="utf-8"?><testsuites name="pytest tests"><testsuite name="pytest" errors="0" failures="0" skipped="0" tests="23" time="12.336" timestamp="2026-03-12T23:19:06.446388+00:00" hostname="agent-env-7e030b1d-0dd2-45f1-87d5-fe8c845e9cbf"><testcase classname="backend.tests.test_bdl_stats_enrichment.TestCachedPropsEndpoint" name="test_cached_props_returns_success" time="0.991" /><testcase classname="backend.tests.test_bdl_stats_enrichment.TestCachedPropsEndpoint" name="test_players_have_props_array" time="1.007" /><testcase classname="backend.tests.test_bdl_stats_enrichment.TestCachedPropsEndpoint" name="test_props_have_hit_rates" time="0.996" /><testcase classname="backend.tests.test_bdl_stats_enrichment.TestCachedPropsEndpoint" name="test_hit_rates_structure" time="1.008" /><testcase classname="backend.tests.test_bdl_stats_enrichment.TestDemonGoblinClassification" name="test_demons_have_plus_100_odds" time="0.919" /><testcase classname="backend.tests.test_bdl_stats_enrichment.TestDemonGoblinClassification" name="test_goblins_have_non_100_odds" time="0.960" /><testcase classname="backend.tests.test_bdl_stats_enrichment.TestDemonGoblinClassification" name="test_demons_are_from_alternate_markets" time="0.983" /><testcase classname="backend.tests.test_bdl_stats_enrichment.TestDemonGoblinClassification" name="test_goblins_are_from_alternate_markets" time="0.941" /><testcase classname="backend.tests.test_bdl_stats_enrichment.TestDemonRadarEndpoint" name="test_demon_radar_returns_success" time="0.123" /><testcase classname="backend.tests.test_bdl_stats_enrichment.TestDemonRadarEndpoint" name="test_demon_radar_has_10_picks" time="0.124" /><testcase classname="backend.tests.test_bdl_stats_enrichment.TestDemonRadarEndpoint" name="test_most_picks_have_real_data" time="0.148" /><testcase classname="backend.tests.test_bdl_stats_enrichment.TestDemonRadarEndpoint" name="test_radar_pick_structure" time="0.131" /><testcase classname="backend.tests.test_bdl_stats_enrichment.TestDemonRadarEndpoint" name="test_radar_picks_have_demon_odds" time="0.148" /><testcase classname="backend.tests.test_bdl_stats_enrichment.TestDemonRadarEndpoint" name="test_radar_algorithm_info" time="0.145" /><testcase classname="backend.tests.test_bdl_stats_enrichment.TestCachedPlayerEndpoint" name="test_get_player_by_name" time="0.178" /><testcase classname="backend.tests.test_bdl_stats_enrichment.TestCachedPlayerEndpoint" name="test_player_has_hit_rates_on_all_props" time="0.125" /><testcase classname="backend.tests.test_bdl_stats_enrichment.TestCachedPlayerEndpoint" name="test_player_has_l10_and_season_hit_rates" time="0.132" /><testcase classname="backend.tests.test_bdl_stats_enrichment.TestCachedPlayerEndpoint" name="test_fuzzy_player_search" time="0.125" /><testcase classname="backend.tests.test_bdl_stats_enrichment.TestCachedPlayerEndpoint" name="test_player_not_found_returns_message" time="0.110" /><testcase classname="backend.tests.test_bdl_stats_enrichment.TestTrendingSection" name="test_cached_props_has_trending" time="0.906" /><testcase classname="backend.tests.test_bdl_stats_enrichment.TestTrendingSection" name="test_trending_players_have_required_fields" time="0.929" /><testcase classname="backend.tests.test_bdl_stats_enrichment.TestSyncMetadata" name="test_cached_props_has_synced_at" time="1.008" /><testcase classname="backend.tests.test_bdl_stats_enrichment.TestSyncMetadata" name="test_demon_radar_has_synced_at" time="0.115" /></testsuite></testsuites>