<?xml version="1.0" encoding="utf-8"?><testsuites name="pytest tests"><testsuite name="pytest" errors="0" failures="0" skipped="0" tests="22" time="21.921" timestamp="2026-04-02T18:36:44.719534+00:00" hostname="agent-env-7e030b1d-0dd2-45f1-87d5-fe8c845e9cbf"><testcase classname="backend.tests.test_defensive_momentum.TestMomentumStatus" name="test_momentum_status_returns_200" time="0.251" /><testcase classname="backend.tests.test_defensive_momentum.TestMomentumStatus" name="test_momentum_status_has_weights" time="0.126" /><testcase classname="backend.tests.test_defensive_momentum.TestMomentumStatus" name="test_momentum_status_has_modifiers" time="0.148" /><testcase classname="backend.tests.test_defensive_momentum.TestMomentumStatus" name="test_momentum_status_cache_loaded" time="0.138" /><testcase classname="backend.tests.test_defensive_momentum.TestMomentumRankings" name="test_rankings_returns_30_teams" time="0.115" /><testcase classname="backend.tests.test_defensive_momentum.TestMomentumRankings" name="test_rankings_sorted_by_composite" time="0.118" /><testcase classname="backend.tests.test_defensive_momentum.TestMomentumRankings" name="test_rankings_have_required_fields" time="0.127" /><testcase classname="backend.tests.test_defensive_momentum.TestMomentumRankings" name="test_elite_teams_have_correct_flag" time="0.110" /><testcase classname="backend.tests.test_defensive_momentum.TestMomentumRankings" name="test_weak_teams_have_correct_flag" time="0.128" /><testcase classname="backend.tests.test_defensive_momentum.TestTeamMomentumProfile" name="test_detroit_momentum_profile" time="0.125" /><testcase classname="backend.tests.test_defensive_momentum.TestTeamMomentumProfile" name="test_profile_has_tooltip" time="0.113" /><testcase classname="backend.tests.test_defensive_momentum.TestTeamMomentumProfile" name="test_nonexistent_team_returns_not_found" time="0.111" /><testcase classname="backend.tests.test_defensive_momentum.TestMomentumModifier" name="test_elite_defense_returns_negative_modifier" time="0.110" /><testcase classname="backend.tests.test_defensive_momentum.TestMomentumModifier" name="test_weak_defense_returns_positive_modifier" time="0.269" /><testcase classname="backend.tests.test_defensive_momentum.TestMomentumModifier" name="test_middle_defense_returns_zero_modifier" time="0.247" /><testcase classname="backend.tests.test_defensive_momentum.TestMomentumModifier" name="test_modifier_includes_momentum_data" time="0.223" /><testcase classname="backend.tests.test_defensive_momentum.TestFerrariMomentumIntegration" name="test_safe_haven_picks_have_momentum_fields" time="0.113" /><testcase classname="backend.tests.test_defensive_momentum.TestFerrariMomentumIntegration" name="test_pick_with_elite_opponent_has_negative_modifier" time="0.125" /><testcase classname="backend.tests.test_defensive_momentum.TestFerrariMomentumIntegration" name="test_momentum_data_structure_in_picks" time="0.126" /><testcase classname="backend.tests.test_defensive_momentum.TestMomentumRebuild" name="test_rebuild_endpoint_exists" time="18.742" /><testcase classname="backend.tests.test_defensive_momentum.TestTrendAlerts" name="test_trend_alerts_detected" time="0.145" /><testcase classname="backend.tests.test_defensive_momentum.TestTrendAlerts" name="test_trend_alert_format" time="0.119" /></testsuite></testsuites>