<?xml version="1.0" encoding="utf-8"?><testsuites name="pytest tests"><testsuite name="pytest" errors="0" failures="0" skipped="0" tests="93" time="0.444" timestamp="2026-05-13T17:58:01.747935+00:00" hostname="agent-env-2c8658b7-1e6f-4971-8051-37345db57ddd"><testcase classname="tests.test_canonical_stats" name="test_nba_market_to_canonical_stat_type[player_points-PTS]" time="0.001" /><testcase classname="tests.test_canonical_stats" name="test_nba_market_to_canonical_stat_type[player_points_alternate-PTS]" time="0.000" /><testcase classname="tests.test_canonical_stats" name="test_nba_market_to_canonical_stat_type[player_rebounds-REB]" time="0.000" /><testcase classname="tests.test_canonical_stats" name="test_nba_market_to_canonical_stat_type[player_rebounds_alternate-REB]" time="0.000" /><testcase classname="tests.test_canonical_stats" name="test_nba_market_to_canonical_stat_type[player_assists-AST]" time="0.000" /><testcase classname="tests.test_canonical_stats" name="test_nba_market_to_canonical_stat_type[player_points_rebounds_assists-PRA]" time="0.000" /><testcase classname="tests.test_canonical_stats" name="test_nba_market_to_canonical_stat_type[player_points_rebounds_assists_alternate-PRA]" time="0.000" /><testcase classname="tests.test_canonical_stats" name="test_nba_market_to_canonical_stat_type[player_threes-3PM]" time="0.000" /><testcase classname="tests.test_canonical_stats" name="test_nba_market_to_canonical_stat_type[player_threes_alternate-3PM]" time="0.000" /><testcase classname="tests.test_canonical_stats" name="test_nba_market_to_canonical_stat_type[player_steals-STL]" time="0.000" /><testcase classname="tests.test_canonical_stats" name="test_nba_market_to_canonical_stat_type[player_blocks-BLK]" time="0.000" /><testcase classname="tests.test_canonical_stats" name="test_nba_market_to_canonical_stat_type[player_turnovers-TO]" time="0.000" /><testcase classname="tests.test_canonical_stats" name="test_nba_market_to_canonical_stat_type[player_points_rebounds-PR]" time="0.000" /><testcase classname="tests.test_canonical_stats" name="test_nba_market_to_canonical_stat_type[player_points_rebounds_alternate-PR]" time="0.000" /><testcase classname="tests.test_canonical_stats" name="test_nba_market_to_canonical_stat_type[player_points_assists-PA]" time="0.000" /><testcase classname="tests.test_canonical_stats" name="test_nba_market_to_canonical_stat_type[player_rebounds_assists-RA]" time="0.000" /><testcase classname="tests.test_canonical_stats" name="test_nba_market_to_canonical_stat_type[player_blocks_steals-BLST]" time="0.000" /><testcase classname="tests.test_canonical_stats" name="test_nba_canonical_token_is_idempotent[3PM]" time="0.000" /><testcase classname="tests.test_canonical_stats" name="test_nba_canonical_token_is_idempotent[AST]" time="0.000" /><testcase classname="tests.test_canonical_stats" name="test_nba_canonical_token_is_idempotent[BLK]" time="0.000" /><testcase classname="tests.test_canonical_stats" name="test_nba_canonical_token_is_idempotent[BLST]" time="0.000" /><testcase classname="tests.test_canonical_stats" name="test_nba_canonical_token_is_idempotent[PA]" time="0.000" /><testcase classname="tests.test_canonical_stats" name="test_nba_canonical_token_is_idempotent[PR]" time="0.000" /><testcase classname="tests.test_canonical_stats" name="test_nba_canonical_token_is_idempotent[PRA]" time="0.000" /><testcase classname="tests.test_canonical_stats" name="test_nba_canonical_token_is_idempotent[PTS]" time="0.000" /><testcase classname="tests.test_canonical_stats" name="test_nba_canonical_token_is_idempotent[RA]" time="0.000" /><testcase classname="tests.test_canonical_stats" name="test_nba_canonical_token_is_idempotent[REB]" time="0.000" /><testcase classname="tests.test_canonical_stats" name="test_nba_canonical_token_is_idempotent[STL]" time="0.000" /><testcase classname="tests.test_canonical_stats" name="test_nba_canonical_token_is_idempotent[TO]" time="0.000" /><testcase classname="tests.test_canonical_stats" name="test_nba_stat_family_resolution[PTS-pts]" time="0.000" /><testcase classname="tests.test_canonical_stats" name="test_nba_stat_family_resolution[REB-reb]" time="0.000" /><testcase classname="tests.test_canonical_stats" name="test_nba_stat_family_resolution[AST-ast]" time="0.000" /><testcase classname="tests.test_canonical_stats" name="test_nba_stat_family_resolution[PRA-pra]" time="0.000" /><testcase classname="tests.test_canonical_stats" name="test_nba_stat_family_resolution[3PM-threes]" time="0.000" /><testcase classname="tests.test_canonical_stats" name="test_nba_stat_family_resolution[STL-stl]" time="0.000" /><testcase classname="tests.test_canonical_stats" name="test_nba_stat_family_resolution[BLK-blk]" time="0.000" /><testcase classname="tests.test_canonical_stats" name="test_nba_stat_family_resolution[TO-turnovers]" time="0.000" /><testcase classname="tests.test_canonical_stats" name="test_nba_stat_family_resolution[PR-pts_reb]" time="0.000" /><testcase classname="tests.test_canonical_stats" name="test_nba_stat_family_resolution[PA-pts_ast]" time="0.000" /><testcase classname="tests.test_canonical_stats" name="test_nba_stat_family_resolution[RA-reb_ast]" time="0.000" /><testcase classname="tests.test_canonical_stats" name="test_nba_stat_family_resolution[BLST-blocks_steals]" time="0.000" /><testcase classname="tests.test_canonical_stats" name="test_nba_stat_family_resolution[player_points_rebounds-pts_reb]" time="0.000" /><testcase classname="tests.test_canonical_stats" name="test_nba_stat_family_resolution[player_points_rebounds_alternate-pts_reb]" time="0.000" /><testcase classname="tests.test_canonical_stats" name="test_nba_stat_family_resolution[player_points_assists-pts_ast]" time="0.000" /><testcase classname="tests.test_canonical_stats" name="test_nba_stat_family_resolution[player_rebounds_assists-reb_ast]" time="0.000" /><testcase classname="tests.test_canonical_stats" name="test_nba_stat_family_resolution[player_blocks_steals-blocks_steals]" time="0.000" /><testcase classname="tests.test_canonical_stats" name="test_nba_combo_never_falls_to_default" time="0.000" /><testcase classname="tests.test_canonical_stats" name="test_nba_model_key[PTS-pts]" time="0.000" /><testcase classname="tests.test_canonical_stats" name="test_nba_model_key[REB-reb]" time="0.000" /><testcase classname="tests.test_canonical_stats" name="test_nba_model_key[AST-ast]" time="0.000" /><testcase classname="tests.test_canonical_stats" name="test_nba_model_key[3PM-3pm]" time="0.000" /><testcase classname="tests.test_canonical_stats" name="test_nba_model_key[PRA-pra]" time="0.000" /><testcase classname="tests.test_canonical_stats" name="test_nba_display_label[PR-P+R]" time="0.000" /><testcase classname="tests.test_canonical_stats" name="test_nba_display_label[PA-P+A]" time="0.000" /><testcase classname="tests.test_canonical_stats" name="test_nba_display_label[RA-R+A]" time="0.000" /><testcase classname="tests.test_canonical_stats" name="test_nba_display_label[PRA-PRA]" time="0.000" /><testcase classname="tests.test_canonical_stats" name="test_nba_display_label[PTS-PTS]" time="0.000" /><testcase classname="tests.test_canonical_stats" name="test_mlb_market_to_canonical_stat_type[batter_hits-Hits]" time="0.000" /><testcase classname="tests.test_canonical_stats" name="test_mlb_market_to_canonical_stat_type[batter_hits_alternate-Hits]" time="0.000" /><testcase classname="tests.test_canonical_stats" name="test_mlb_market_to_canonical_stat_type[batter_total_bases-Total Bases]" time="0.000" /><testcase classname="tests.test_canonical_stats" name="test_mlb_market_to_canonical_stat_type[batter_home_runs-Home Runs]" time="0.000" /><testcase classname="tests.test_canonical_stats" name="test_mlb_market_to_canonical_stat_type[batter_home_runs_alternate-Home Runs]" time="0.000" /><testcase classname="tests.test_canonical_stats" name="test_mlb_market_to_canonical_stat_type[batter_hits_runs_rbis-Hits+Runs+RBIs]" time="0.000" /><testcase classname="tests.test_canonical_stats" name="test_mlb_market_to_canonical_stat_type[batter_rbis-RBIs]" time="0.000" /><testcase classname="tests.test_canonical_stats" name="test_mlb_market_to_canonical_stat_type[batter_runs_scored-Runs]" time="0.000" /><testcase classname="tests.test_canonical_stats" name="test_mlb_market_to_canonical_stat_type[batter_stolen_bases-Stolen Bases]" time="0.000" /><testcase classname="tests.test_canonical_stats" name="test_mlb_market_to_canonical_stat_type[pitcher_strikeouts-Pitcher Strikeouts]" time="0.000" /><testcase classname="tests.test_canonical_stats" name="test_mlb_market_to_canonical_stat_type[pitcher_strikeouts_alternate-Pitcher Strikeouts]" time="0.000" /><testcase classname="tests.test_canonical_stats" name="test_mlb_market_to_canonical_stat_type[pitcher_walks-Walks Allowed]" time="0.000" /><testcase classname="tests.test_canonical_stats" name="test_mlb_market_to_canonical_stat_type[pitcher_hits_allowed-Hits Allowed]" time="0.000" /><testcase classname="tests.test_canonical_stats" name="test_mlb_market_to_canonical_stat_type[pitcher_earned_runs-Earned Runs]" time="0.000" /><testcase classname="tests.test_canonical_stats" name="test_mlb_market_to_canonical_stat_type[pitcher_outs-Pitcher Outs]" time="0.000" /><testcase classname="tests.test_canonical_stats" name="test_mlb_stat_family_resolution[Hits-hits]" time="0.000" /><testcase classname="tests.test_canonical_stats" name="test_mlb_stat_family_resolution[Total Bases-total_bases]" time="0.000" /><testcase classname="tests.test_canonical_stats" name="test_mlb_stat_family_resolution[Home Runs-home_runs]" time="0.000" /><testcase classname="tests.test_canonical_stats" name="test_mlb_stat_family_resolution[Hits+Runs+RBIs-hits_runs_rbis]" time="0.000" /><testcase classname="tests.test_canonical_stats" name="test_mlb_stat_family_resolution[RBIs-rbis]" time="0.000" /><testcase classname="tests.test_canonical_stats" name="test_mlb_stat_family_resolution[Runs-runs]" time="0.000" /><testcase classname="tests.test_canonical_stats" name="test_mlb_stat_family_resolution[Stolen Bases-stolen_bases]" time="0.000" /><testcase classname="tests.test_canonical_stats" name="test_mlb_stat_family_resolution[Pitcher Strikeouts-pitcher_strikeouts]" time="0.000" /><testcase classname="tests.test_canonical_stats" name="test_mlb_stat_family_resolution[Walks Allowed-walks_allowed]" time="0.000" /><testcase classname="tests.test_canonical_stats" name="test_mlb_stat_family_resolution[Hits Allowed-hits_allowed]" time="0.000" /><testcase classname="tests.test_canonical_stats" name="test_mlb_stat_family_resolution[Earned Runs-earned_runs]" time="0.000" /><testcase classname="tests.test_canonical_stats" name="test_mlb_stat_family_resolution[Pitcher Outs-pitching_outs]" time="0.000" /><testcase classname="tests.test_canonical_stats" name="test_mlb_stat_family_resolution[hits-hits]" time="0.000" /><testcase classname="tests.test_canonical_stats" name="test_mlb_stat_family_resolution[HOME RUNS-home_runs]" time="0.000" /><testcase classname="tests.test_canonical_stats" name="test_strict_mode_raises_on_unknown_stat" time="0.000" /><testcase classname="tests.test_canonical_stats" name="test_non_strict_returns_default_and_logs" time="0.000" /><testcase classname="tests.test_canonical_stats" name="test_validate_sport_passes[nba]" time="0.000" /><testcase classname="tests.test_canonical_stats" name="test_validate_sport_passes[mlb]" time="0.000" /><testcase classname="tests.test_canonical_stats" name="test_register_new_sport_without_editing_other_files" time="0.000" /><testcase classname="tests.test_canonical_stats" name="test_gates_thresholds_shim_delegates_to_registry" time="0.003" /><testcase classname="tests.test_canonical_stats" name="test_nba_adapter_market_to_stat_shim_delegates_to_registry" time="0.003" /></testsuite></testsuites>