<?xml version="1.0" encoding="utf-8"?><testsuites name="pytest tests"><testsuite name="pytest" errors="0" failures="0" skipped="0" tests="17" time="62.850" timestamp="2026-04-10T02:29:40.939772+00:00" hostname="agent-env-7e030b1d-0dd2-45f1-87d5-fe8c845e9cbf"><testcase classname="backend.tests.test_mlb_vk_backfill.TestMLBBDLSync" name="test_mlb_players_endpoint_returns_data" time="0.291" /><testcase classname="backend.tests.test_mlb_vk_backfill.TestMLBBDLSync" name="test_mlb_player_stats_have_dates" time="0.112" /><testcase classname="backend.tests.test_mlb_vk_backfill.TestMLBBDLSync" name="test_mlb_player_stats_have_opponent_abbr" time="0.129" /><testcase classname="backend.tests.test_mlb_vk_backfill.TestMLBBDLSync" name="test_mlb_stat_field_mappings_batter" time="0.119" /><testcase classname="backend.tests.test_mlb_vk_backfill.TestMLBBDLSync" name="test_mlb_stat_field_mappings_pitcher" time="0.250" /><testcase classname="backend.tests.test_mlb_vk_backfill.TestMLBVKBackfillEndpoint" name="test_vk_backfill_endpoint_exists" time="60.131" /><testcase classname="backend.tests.test_mlb_vk_backfill.TestMLBVKBackfillEndpoint" name="test_vk_backfill_validates_seasons" time="0.218" /><testcase classname="backend.tests.test_mlb_vk_backfill.TestMLBVKBaselinesEndpoint" name="test_vk_baselines_endpoint_returns_data" time="0.158" /><testcase classname="backend.tests.test_mlb_vk_backfill.TestMLBVKBaselinesEndpoint" name="test_vk_baselines_contain_weighted_baseline" time="0.124" /><testcase classname="backend.tests.test_mlb_vk_backfill.TestMLBVKBaselinesEndpoint" name="test_vk_baselines_contain_l10_average" time="0.132" /><testcase classname="backend.tests.test_mlb_vk_backfill.TestMLBVKBaselinesEndpoint" name="test_vk_baselines_contain_baseline_vs_l10" time="0.186" /><testcase classname="backend.tests.test_mlb_vk_backfill.TestMLBVKBaselinesEndpoint" name="test_vk_baselines_contain_weighted_cv" time="0.154" /><testcase classname="backend.tests.test_mlb_vk_backfill.TestMLBVKBaselinesEndpoint" name="test_vk_baselines_404_for_unknown_player" time="0.111" /><testcase classname="backend.tests.test_mlb_vk_backfill.TestMLBVKBaselinesEndpoint" name="test_vk_baselines_batter_stats" time="0.124" /><testcase classname="backend.tests.test_mlb_vk_backfill.TestMLBDataIntegrity" name="test_multiple_players_have_dates" time="0.209" /><testcase classname="backend.tests.test_mlb_vk_backfill.TestMLBDataIntegrity" name="test_multiple_players_have_opponent_abbr" time="0.165" /><testcase classname="backend.tests.test_mlb_vk_backfill.TestMLBDataIntegrity" name="test_vk_baselines_populated_for_multiple_players" time="0.152" /></testsuite></testsuites>