<?xml version="1.0" encoding="utf-8"?><testsuites name="pytest tests"><testsuite name="pytest" errors="0" failures="0" skipped="0" tests="12" time="2.684" timestamp="2026-04-02T20:51:23.671434+00:00" hostname="agent-env-7e030b1d-0dd2-45f1-87d5-fe8c845e9cbf"><testcase classname="tests.test_vision_intel_suite.TestVisionIntelSuiteDataConsistency" name="test_safe_haven_picks_have_momentum_data" time="0.462" /><testcase classname="tests.test_vision_intel_suite.TestVisionIntelSuiteDataConsistency" name="test_safe_haven_picks_have_whistle_data" time="0.145" /><testcase classname="tests.test_vision_intel_suite.TestVisionIntelSuiteDataConsistency" name="test_front_lines_picks_have_momentum_data" time="0.136" /><testcase classname="tests.test_vision_intel_suite.TestVisionIntelSuiteDataConsistency" name="test_war_zone_picks_have_momentum_data" time="0.113" /><testcase classname="tests.test_vision_intel_suite.TestVisionIntelSuiteDataConsistency" name="test_momentum_data_structure" time="0.162" /><testcase classname="tests.test_vision_intel_suite.TestVisionIntelSuiteDataConsistency" name="test_whistle_data_structure" time="0.111" /><testcase classname="tests.test_vision_intel_suite.TestPlayerDetailEndpoint" name="test_player_with_badges_returns_intel_suite" time="0.362" /><testcase classname="tests.test_vision_intel_suite.TestPlayerDetailEndpoint" name="test_kevin_huerter_intel_suite" time="0.153" /><testcase classname="tests.test_vision_intel_suite.TestElitePicksEnrichment" name="test_all_boards_have_30_total_picks" time="0.372" /><testcase classname="tests.test_vision_intel_suite.TestElitePicksEnrichment" name="test_elite_momentum_modifier_applied" time="0.114" /><testcase classname="tests.test_vision_intel_suite.TestElitePicksEnrichment" name="test_weak_momentum_modifier_applied" time="0.375" /><testcase classname="tests.test_vision_intel_suite.TestCacheStats" name="test_enrichment_status_endpoint" time="0.127" /></testsuite></testsuites>