<?xml version="1.0" encoding="utf-8"?><testsuites name="pytest tests"><testsuite name="pytest" errors="0" failures="0" skipped="1" tests="127" time="5.077" timestamp="2026-05-01T17:26:05.029536+00:00" hostname="agent-env-2c8658b7-1e6f-4971-8051-37345db57ddd"><testcase classname="tests.test_hit_rate_subwindow_plumbing" name="test_nba_strict_20_window_when_20_logs_available" time="0.097" /><testcase classname="tests.test_hit_rate_subwindow_plumbing" name="test_nba_strict_10_window_when_under_20_logs" time="0.000" /><testcase classname="tests.test_hit_rate_subwindow_plumbing" name="test_nba_insufficient_sample_under_10_logs" time="0.000" /><testcase classname="tests.test_hit_rate_subwindow_plumbing" name="test_nba_l5_subwindow_populated" time="0.000" /><testcase classname="tests.test_hit_rate_subwindow_plumbing" name="test_nba_under_side_complement" time="0.000" /><testcase classname="tests.test_hit_rate_subwindow_plumbing" name="test_mlb_subwindow_l5_strict_denominator" time="0.000" /><testcase classname="tests.test_hit_rate_subwindow_plumbing" name="test_mlb_subwindow_l10_strict_denominator" time="0.000" /><testcase classname="tests.test_hit_rate_subwindow_plumbing" name="test_mlb_subwindow_under_complement" time="0.000" /><testcase classname="tests.test_hit_rate_subwindow_plumbing" name="test_mlb_subwindow_min_games_floor" time="0.000" /><testcase classname="tests.test_hit_rate_subwindow_plumbing" name="test_scoring_context_has_subwindow_fields" time="0.000" /><testcase classname="tests.test_l5_subgate_and_floors" name="test_safe_haven_floor_is_80" time="0.000" /><testcase classname="tests.test_l5_subgate_and_floors" name="test_safe_haven_floor_not_85" time="0.000" /><testcase classname="tests.test_l5_subgate_and_floors" name="test_l5_below_floor_fails_safe_haven" time="0.003" /><testcase classname="tests.test_l5_subgate_and_floors" name="test_l5_at_floor_passes_safe_haven" time="0.000" /><testcase classname="tests.test_l5_subgate_and_floors" name="test_l5_above_floor_passes_safe_haven" time="0.000" /><testcase classname="tests.test_l5_subgate_and_floors" name="test_l5_none_does_not_block_gate" time="0.000" /><testcase classname="tests.test_l5_subgate_and_floors" name="test_l5_subgate_universal_across_tiers_front_lines" time="0.000" /><testcase classname="tests.test_l5_subgate_and_floors" name="test_l5_subgate_does_not_fire_when_window_is_l5_explicit" time="0.000" /><testcase classname="tests.test_l5_subgate_and_floors" name="test_l5_subgate_can_be_disabled_per_tier" time="0.000" /><testcase classname="tests.test_l5_subgate_and_floors" name="test_elite_vision_override_still_requires_l5_above_relaxed_floor" time="0.000" /><testcase classname="tests.test_l5_subgate_and_floors" name="test_elite_vision_override_passes_when_l5_clears_relaxed_floor" time="0.000" /><testcase classname="tests.test_l5_subgate_and_floors" name="test_l5_subgate_universal_for_mlb_too" time="0.000" /><testcase classname="tests.test_hit_rate_canonical" name="test_board_hit_rate_canonical[front-lines]" time="1.345" /><testcase classname="tests.test_hit_rate_canonical" name="test_board_hit_rate_canonical[safe-haven]" time="0.910" /><testcase classname="tests.test_hit_rate_canonical" name="test_board_hit_rate_canonical[war-zone]" time="0.488" /><testcase classname="tests.test_hit_rate_canonical" name="test_model_hit_rate_fields_are_separate" time="0.448" /><testcase classname="tests.test_hit_rate_canonical" name="test_grayson_allen_pts_7_5_regression" time="0.443"><skipped type="pytest.skip" message="Grayson Allen PTS 7.5 OVER not on Front Lines board right now">/app/backend/tests/test_hit_rate_canonical.py:101: Grayson Allen PTS 7.5 OVER not on Front Lines board right now</skipped></testcase><testcase classname="tests.test_universal_tier_routing" name="test_boundaries_match_spec" time="0.000" /><testcase classname="tests.test_universal_tier_routing" name="test_pg_pts_11_5_at_minus_286_routes_to_front_lines" time="0.000" /><testcase classname="tests.test_universal_tier_routing" name="test_minus_300_routes_to_safe_haven" time="0.000" /><testcase classname="tests.test_universal_tier_routing" name="test_minus_500_routes_to_safe_haven" time="0.000" /><testcase classname="tests.test_universal_tier_routing" name="test_minus_2000_routes_to_safe_haven" time="0.000" /><testcase classname="tests.test_universal_tier_routing" name="test_front_lines_band[-299]" time="0.000" /><testcase classname="tests.test_universal_tier_routing" name="test_front_lines_band[-250]" time="0.000" /><testcase classname="tests.test_universal_tier_routing" name="test_front_lines_band[-200]" time="0.000" /><testcase classname="tests.test_universal_tier_routing" name="test_front_lines_band[-150]" time="0.000" /><testcase classname="tests.test_universal_tier_routing" name="test_front_lines_band[-110]" time="0.000" /><testcase classname="tests.test_universal_tier_routing" name="test_front_lines_band[100]" time="0.000" /><testcase classname="tests.test_universal_tier_routing" name="test_front_lines_band[120]" time="0.000" /><testcase classname="tests.test_universal_tier_routing" name="test_front_lines_band[149]" time="0.000" /><testcase classname="tests.test_universal_tier_routing" name="test_plus_150_routes_to_war_zone" time="0.000" /><testcase classname="tests.test_universal_tier_routing" name="test_plus_500_routes_to_war_zone" time="0.000" /><testcase classname="tests.test_universal_tier_routing" name="test_routing_is_universal_across_sports[nba]" time="0.000" /><testcase classname="tests.test_universal_tier_routing" name="test_routing_is_universal_across_sports[mlb]" time="0.000" /><testcase classname="tests.test_universal_tier_routing" name="test_routing_is_universal_across_sports[nfl]" time="0.000" /><testcase classname="tests.test_universal_tier_routing" name="test_routing_is_universal_across_sports[nhl]" time="0.000" /><testcase classname="tests.test_universal_tier_routing" name="test_routing_is_universal_across_sports[wnba]" time="0.000" /><testcase classname="tests.test_universal_tier_routing" name="test_none_ref_odds_returns_none" time="0.000" /><testcase classname="tests.test_universal_tier_routing" name="test_sh_routed_failing_sh_is_unqualified_not_fl" time="0.002" /><testcase classname="tests.test_universal_tier_routing" name="test_fl_routed_failing_fl_is_unqualified_not_wz" time="0.000" /><testcase classname="tests.test_universal_tier_routing" name="test_war_zone_routed_failing_is_unqualified" time="0.000" /><testcase classname="tests.test_universal_tier_routing" name="test_no_promotion_from_fl_to_sh" time="0.000" /><testcase classname="tests.test_universal_tier_routing" name="test_pick_in_fl_band_does_not_appear_in_war_zone" time="0.000" /><testcase classname="tests.test_universal_tier_routing" name="test_war_zone_only_contains_plus_150_or_higher" time="0.000" /><testcase classname="tests.test_mlb_probability_rebuild" name="test_mlb_lom_module_still_callable" time="0.005" /><testcase classname="tests.test_mlb_probability_rebuild" name="test_mlb_scoring_adapter_marks_lom_disabled" time="0.000" /><testcase classname="tests.test_mlb_probability_rebuild" name="test_mlb_score_doc_whitelist_includes_new_fields" time="0.000" /><testcase classname="tests.test_mlb_probability_rebuild" name="test_mlb_recompute_propagates_new_fields" time="0.001" /><testcase classname="tests.test_mlb_probability_rebuild" name="test_nba_scoring_adapter_unchanged_no_mlb_distribution_stamp" time="0.001" /><testcase classname="tests.test_mlb_probability_rebuild" name="test_mlb_distribution_returns_high_probability_for_high_projection" time="0.016" /><testcase classname="tests.test_mlb_probability_rebuild" name="test_mlb_low_projection_distribution_returns_low_probability" time="0.000" /><testcase classname="tests.test_mlb_probability_rebuild" name="test_lom_predicted_value_does_not_match_distribution_value" time="0.763" /><testcase classname="tests.test_contract_enforcer" name="test_vucevic_hit_profile_parity_rewrites_displayed_rate" time="0.001" /><testcase classname="tests.test_contract_enforcer" name="test_hit_profile_parity_no_mismatch_on_aligned_pick" time="0.001" /><testcase classname="tests.test_contract_enforcer" name="test_hit_profile_line_drift_is_counted" time="0.001" /><testcase classname="tests.test_contract_enforcer" name="test_pick_card_contract_drops_invalid_and_keeps_valid" time="0.001" /><testcase classname="tests.test_contract_enforcer" name="test_pick_card_contract_allows_nullable_display_fields" time="0.001" /><testcase classname="tests.test_contract_enforcer" name="test_pick_card_contract_required_keys_locked" time="0.000" /><testcase classname="tests.test_contract_enforcer" name="test_lineup_opportunity_drops_placeholder_zero_rows" time="0.001" /><testcase classname="tests.test_contract_enforcer" name="test_lineup_opportunity_drops_missing_beneficiary" time="0.001" /><testcase classname="tests.test_contract_enforcer" name="test_lineup_opportunity_drops_non_numeric_slots" time="0.001" /><testcase classname="tests.test_contract_enforcer" name="test_lineup_opportunity_keeps_valid_rows_unchanged" time="0.000" /><testcase classname="tests.test_contract_enforcer" name="test_lineup_opportunity_one_bad_row_does_not_break_others" time="0.000" /><testcase classname="tests.test_contract_enforcer" name="test_ticker_drops_finished_games" time="0.001" /><testcase classname="tests.test_contract_enforcer" name="test_ticker_drops_scheduled_with_past_start_time" time="0.000" /><testcase classname="tests.test_contract_enforcer" name="test_ticker_keeps_in_play_regardless_of_start_time" time="0.000" /><testcase classname="tests.test_contract_enforcer" name="test_ticker_keeps_scheduled_with_future_start_time" time="0.000" /><testcase classname="tests.test_contract_enforcer" name="test_health_contracts_payload_shape_is_complete" time="0.000" /><testcase classname="tests.test_contract_enforcer" name="test_aggregate_counters_handles_none_db_gracefully" time="0.000" /><testcase classname="tests.test_contract_enforcer" name="test_enforcer_does_not_touch_model_fields" time="0.000" /><testcase classname="tests.test_board_publisher" name="test_a_safe_haven_with_4_picks_fills_and_reranks" time="0.000" /><testcase classname="tests.test_board_publisher" name="test_b_front_lines_over_with_6_picks_fills_to_10_independently" time="0.000" /><testcase classname="tests.test_board_publisher" name="test_c_front_lines_under_with_3_picks_fills_to_10_independently" time="0.000" /><testcase classname="tests.test_board_publisher" name="test_d_full_board_new_pick_inserts_at_true_rank" time="0.000" /><testcase classname="tests.test_board_publisher" name="test_d2_full_board_new_pick_top_inserts_at_one" time="0.000" /><testcase classname="tests.test_board_publisher" name="test_e_candidate_worse_than_last_does_not_enter" time="0.000" /><testcase classname="tests.test_board_publisher" name="test_f_majority_remain_only_incremental_changes_across_snapshots" time="0.000" /><testcase classname="tests.test_board_publisher" name="test_f2_score_wiggle_alone_does_not_reorder_existing_picks" time="0.000" /><testcase classname="tests.test_board_publisher" name="test_g_zero_full_board_replacement" time="0.000" /><testcase classname="tests.test_board_publisher" name="test_rank_tuple_orders_universally" time="0.000" /><testcase classname="tests.test_board_publisher" name="test_tier_config_invariants" time="0.000" /><testcase classname="tests.test_board_publisher" name="test_e2e_reconcile_persists_and_reads_back" time="0.001" /><testcase classname="tests.test_board_publisher" name="test_e2e_split_tier_over_under_independence" time="0.001" /><testcase classname="tests.test_board_publisher" name="test_e2e_universal_works_for_arbitrary_sport" time="0.001" /><testcase classname="tests.test_board_observability" name="test_a_lifetime_grows_across_reconciles" time="0.001" /><testcase classname="tests.test_board_observability" name="test_b_new_pick_starts_near_zero_seconds" time="0.001" /><testcase classname="tests.test_board_observability" name="test_c_removed_pick_disappears_from_published_board" time="0.001" /><testcase classname="tests.test_board_observability" name="test_d_front_lines_over_under_full_independence" time="0.001" /><testcase classname="tests.test_board_observability" name="test_e_health_endpoint_counts_capacity_fill_pct" time="0.001" /><testcase classname="tests.test_board_observability" name="test_longevity_label_thresholds" time="0.000" /><testcase classname="tests.test_board_observability" name="test_status_classifier_decisions" time="0.000" /><testcase classname="tests.test_board_observability" name="test_health_universal_for_arbitrary_sport" time="0.001" /><testcase classname="tests.test_nba_under_tuning" name="test_under_routes_to_default_under_for_each_tier" time="0.000" /><testcase classname="tests.test_nba_under_tuning" name="test_over_unchanged_for_each_tier" time="0.000" /><testcase classname="tests.test_nba_under_tuning" name="test_unspecified_side_resolves_to_default" time="0.000" /><testcase classname="tests.test_nba_under_tuning" name="test_under_direction_passes_when_gap_at_least_15pct" time="0.000" /><testcase classname="tests.test_nba_under_tuning" name="test_under_direction_fails_just_below_15pct_gap" time="0.000" /><testcase classname="tests.test_nba_under_tuning" name="test_under_direction_fails_when_proj_above_line" time="0.000" /><testcase classname="tests.test_nba_under_tuning" name="test_under_fails_hr_below_65_safe_haven" time="0.000" /><testcase classname="tests.test_nba_under_tuning" name="test_under_fails_hr_below_65_front_lines" time="0.000" /><testcase classname="tests.test_nba_under_tuning" name="test_under_fails_hr_below_65_war_zone" time="0.000" /><testcase classname="tests.test_nba_under_tuning" name="test_under_cv_threes_default_cap_is_0_55" time="0.000" /><testcase classname="tests.test_nba_under_tuning" name="test_under_cv_pts_cap_is_0_40" time="0.000" /><testcase classname="tests.test_nba_under_tuning" name="test_under_cv_relaxed_by_0_10_at_hr_75" time="0.000" /><testcase classname="tests.test_nba_under_tuning" name="test_under_cv_relax_at_hr_75_to_80_uses_plus_0_10" time="0.000" /><testcase classname="tests.test_nba_under_tuning" name="test_under_cv_disabled_at_hr_80" time="0.000" /><testcase classname="tests.test_nba_under_tuning" name="test_under_cv_relax_does_not_apply_at_hr_below_75" time="0.000" /><testcase classname="tests.test_nba_under_tuning" name="test_mcdaniels_3pm_under_passes" time="0.000" /><testcase classname="tests.test_nba_under_tuning" name="test_anunoby_blk_under_passes" time="0.000" /><testcase classname="tests.test_nba_under_tuning" name="test_lebron_3pm_under_fails_when_gap_below_15pct" time="0.000" /><testcase classname="tests.test_nba_under_tuning" name="test_under_does_not_override_hr_below_65" time="0.000" /><testcase classname="tests.test_nba_under_tuning" name="test_under_does_not_override_direction_failure" time="0.000" /><testcase classname="tests.test_nba_under_tuning" name="test_fl_under_still_has_tp_gate_with_under_floor" time="0.000" /><testcase classname="tests.test_nba_under_tuning" name="test_fl_under_still_has_edge_gate" time="0.000" /><testcase classname="tests.test_nba_under_tuning" name="test_sh_under_still_has_market_structure_gate" time="0.000" /><testcase classname="tests.test_nba_under_tuning" name="test_over_pick_does_not_use_under_block" time="0.000" /><testcase classname="tests.test_nba_under_tuning" name="test_cv_caps_cover_all_target_stat_families" time="0.000" /></testsuite></testsuites>