<?xml version="1.0" encoding="utf-8"?><testsuites name="pytest tests"><testsuite name="pytest" errors="0" failures="0" skipped="0" tests="13" time="14.621" timestamp="2026-05-08T22:52:07.464183+00:00" hostname="agent-env-2c8658b7-1e6f-4971-8051-37345db57ddd"><testcase classname="backend.tests.test_command_center_simulation_analytics" name="test_volatility_changes_materially_safe_haven_vs_war_zone" time="0.834" /><testcase classname="backend.tests.test_command_center_simulation_analytics" name="test_same_player_two_leg_returns_kind_same_player" time="0.462" /><testcase classname="backend.tests.test_command_center_simulation_analytics" name="test_same_event_teammates_returns_kind_same_game" time="1.403" /><testcase classname="backend.tests.test_command_center_simulation_analytics" name="test_cross_sport_returns_kind_none_zero_score" time="3.977" /><testcase classname="backend.tests.test_command_center_simulation_analytics" name="test_simulation_response_carries_universal_analytics_fields" time="1.837" /><testcase classname="backend.tests.test_command_center_props" name="test_nba_alt_lines_have_varying_hit_rate_l10" time="0.218" /><testcase classname="backend.tests.test_command_center_props" name="test_no_legacy_aliases_anywhere_in_response" time="1.060" /><testcase classname="backend.tests.test_command_center_props" name="test_canonical_field_set_present" time="0.374" /><testcase classname="backend.tests.test_command_center_props" name="test_mlb_player_returns_canonical_rows" time="1.934" /><testcase classname="backend.tests.test_command_center_props" name="test_invalid_sport_rejected_400" time="0.633" /><testcase classname="backend.tests.test_command_center_props" name="test_missing_both_params_rejected_400" time="0.145" /><testcase classname="backend.tests.test_command_center_props" name="test_unknown_player_404" time="0.300" /><testcase classname="backend.tests.test_command_center_props" name="test_canonical_key_lookup_returns_single_row" time="1.347" /></testsuite></testsuites>