<?xml version="1.0" encoding="utf-8"?><testsuites name="pytest tests"><testsuite name="pytest" errors="0" failures="0" skipped="0" tests="20" time="4.835" timestamp="2026-03-12T18:46:15.545497+00:00" hostname="agent-env-7e030b1d-0dd2-45f1-87d5-fe8c845e9cbf"><testcase classname="backend.tests.test_demon_tracker_v2.TestDemonTrackerStatus" name="test_status_endpoint_returns_200" time="0.264" /><testcase classname="backend.tests.test_demon_tracker_v2.TestDemonTrackerStatus" name="test_status_returns_valid_structure" time="0.125" /><testcase classname="backend.tests.test_demon_tracker_v2.TestDemonTrackerEvents" name="test_events_endpoint_returns_200" time="0.323" /><testcase classname="backend.tests.test_demon_tracker_v2.TestDemonTrackerEvents" name="test_events_returns_valid_data" time="0.690" /><testcase classname="backend.tests.test_demon_tracker_v2.TestDemonTrackerProps" name="test_props_endpoint_returns_200" time="0.148" /><testcase classname="backend.tests.test_demon_tracker_v2.TestDemonTrackerProps" name="test_props_with_market_filter" time="0.119" /><testcase classname="backend.tests.test_demon_tracker_v2.TestDemonTrackerProps" name="test_props_with_bookmaker_filter" time="0.155" /><testcase classname="backend.tests.test_demon_tracker_v2.TestDemonTrackerDemons" name="test_demons_endpoint_returns_200" time="0.142" /><testcase classname="backend.tests.test_demon_tracker_v2.TestDemonTrackerDemons" name="test_demons_all_qualified" time="0.139" /><testcase classname="backend.tests.test_demon_tracker_v2.TestDemonTrackerDemons" name="test_ivica_zubac_demon_line" time="0.177" /><testcase classname="backend.tests.test_demon_tracker_v2.TestDemonTrackerBoard" name="test_board_endpoint_returns_200" time="0.123" /><testcase classname="backend.tests.test_demon_tracker_v2.TestDemonTrackerBoard" name="test_board_returns_grouped_data" time="0.149" /><testcase classname="backend.tests.test_demon_tracker_v2.TestDemonTrackerSync" name="test_sync_endpoint_exists" time="0.134" /><testcase classname="backend.tests.test_demon_tracker_v2.TestDemonTrackerEventOdds" name="test_event_odds_with_valid_id" time="0.675" /><testcase classname="backend.tests.test_demon_tracker_v2.TestDemonTrackerEventOdds" name="test_event_odds_invalid_id_returns_404" time="0.266" /><testcase classname="backend.tests.test_demon_tracker_v2.TestDemonTrackerPlayerAnalysis" name="test_player_analysis_endpoint" time="0.291" /><testcase classname="backend.tests.test_demon_tracker_v2.TestDemonTrackerPlayerAnalysis" name="test_player_analysis_not_found" time="0.454" /><testcase classname="backend.tests.test_demon_tracker_v2.TestRootAndOtherEndpoints" name="test_root_endpoint" time="0.133" /><testcase classname="backend.tests.test_demon_tracker_v2.TestRootAndOtherEndpoints" name="test_todays_games" time="0.114" /><testcase classname="backend.tests.test_demon_tracker_v2.TestRootAndOtherEndpoints" name="test_cache_status" time="0.132" /></testsuite></testsuites>