<?xml version="1.0" encoding="utf-8"?><testsuites name="pytest tests"><testsuite name="pytest" errors="0" failures="0" skipped="1" tests="8" time="8.195" timestamp="2026-03-18T19:13:43.670324+00:00" hostname="agent-env-7e030b1d-0dd2-45f1-87d5-fe8c845e9cbf"><testcase classname="backend.tests.test_l5_l10_consistency.TestL5L10Consistency" name="test_backend_is_running" time="0.297" /><testcase classname="backend.tests.test_l5_l10_consistency.TestL5L10Consistency" name="test_war_zone_returns_data" time="1.112" /><testcase classname="backend.tests.test_l5_l10_consistency.TestL5L10Consistency" name="test_player_profile_returns_data" time="1.613" /><testcase classname="backend.tests.test_l5_l10_consistency.TestL5L10Consistency" name="test_consistency_war_zone_vs_profile" time="1.801" /><testcase classname="backend.tests.test_l5_l10_consistency.TestL5L10Consistency" name="test_date_sorting_in_game_logs" time="1.171"><skipped type="pytest.skip" message="Not enough game logs for Jayson Tatum">/app/backend/tests/test_l5_l10_consistency.py:230: Not enough game logs for Jayson Tatum</skipped></testcase><testcase classname="backend.tests.test_l5_l10_consistency.TestL5L10Consistency" name="test_player_with_badges_consistency" time="1.075" /><testcase classname="backend.tests.test_l5_l10_consistency.TestCalculationFunctions" name="test_goblin_vault_l10_stats" time="0.771" /><testcase classname="backend.tests.test_l5_l10_consistency.TestCalculationFunctions" name="test_front_lines_l25_stats" time="0.298" /></testsuite></testsuites>