<?xml version="1.0" encoding="utf-8"?><testsuites name="pytest tests"><testsuite name="pytest" errors="0" failures="0" skipped="0" tests="10" time="3.366" timestamp="2026-03-13T15:17:51.287696+00:00" hostname="agent-env-7e030b1d-0dd2-45f1-87d5-fe8c845e9cbf"><testcase classname="backend.tests.test_truth_engine.TestDataStatusEndpoint" name="test_data_status_endpoint_returns_200" time="0.290" /><testcase classname="backend.tests.test_truth_engine.TestDataStatusEndpoint" name="test_data_status_returns_required_fields" time="0.195" /><testcase classname="backend.tests.test_truth_engine.TestDataStatusEndpoint" name="test_data_status_has_naji_safeguard_enabled" time="0.150" /><testcase classname="backend.tests.test_truth_engine.TestDataStatusEndpoint" name="test_data_status_verification_rate_is_numeric" time="0.156" /><testcase classname="backend.tests.test_truth_engine.TestCachedPropsEndpoint" name="test_cached_props_endpoint_returns_200" time="0.721" /><testcase classname="backend.tests.test_truth_engine.TestCachedPropsEndpoint" name="test_cached_props_returns_players_array" time="0.715" /><testcase classname="backend.tests.test_truth_engine.TestCachedPropsEndpoint" name="test_cached_props_player_has_verification_fields" time="0.705" /><testcase classname="backend.tests.test_truth_engine.TestSyncToMongoEndpoint" name="test_sync_endpoint_exists" time="0.081" /><testcase classname="backend.tests.test_truth_engine.TestHealthAndStatus" name="test_api_root_endpoint" time="0.119" /><testcase classname="backend.tests.test_truth_engine.TestHealthAndStatus" name="test_v3_status_endpoint" time="0.178" /></testsuite></testsuites>