<?xml version="1.0" encoding="utf-8"?><testsuites name="pytest tests"><testsuite name="pytest" errors="0" failures="0" skipped="0" tests="8" time="0.530" timestamp="2026-05-08T22:22:21.720732+00:00" hostname="agent-env-2c8658b7-1e6f-4971-8051-37345db57ddd"><testcase classname="tests.test_command_center_props" name="test_nba_alt_lines_have_varying_hit_rate_l10" time="0.091" /><testcase classname="tests.test_command_center_props" name="test_no_legacy_aliases_anywhere_in_response" time="0.067" /><testcase classname="tests.test_command_center_props" name="test_canonical_field_set_present" time="0.067" /><testcase classname="tests.test_command_center_props" name="test_mlb_player_returns_canonical_rows" time="0.040" /><testcase classname="tests.test_command_center_props" name="test_invalid_sport_rejected_400" time="0.024" /><testcase classname="tests.test_command_center_props" name="test_missing_both_params_rejected_400" time="0.024" /><testcase classname="tests.test_command_center_props" name="test_unknown_player_404" time="0.034" /><testcase classname="tests.test_command_center_props" name="test_canonical_key_lookup_returns_single_row" time="0.095" /></testsuite></testsuites>