<?xml version="1.0" encoding="utf-8"?><testsuites name="pytest tests"><testsuite name="pytest" errors="0" failures="0" skipped="0" tests="38" time="6.202" timestamp="2026-03-15T16:08:49.752246+00:00" hostname="agent-env-7e030b1d-0dd2-45f1-87d5-fe8c845e9cbf"><testcase classname="tests.test_v3_api_refactoring.TestStatusEndpoint" name="test_status_returns_200" time="0.252" /><testcase classname="tests.test_v3_api_refactoring.TestStatusEndpoint" name="test_status_returns_success_true" time="0.116" /><testcase classname="tests.test_v3_api_refactoring.TestStatusEndpoint" name="test_status_has_data_object" time="0.180" /><testcase classname="tests.test_v3_api_refactoring.TestStatusEndpoint" name="test_status_data_has_required_fields" time="0.153" /><testcase classname="tests.test_v3_api_refactoring.TestStatusEndpoint" name="test_status_counts_are_positive" time="0.119" /><testcase classname="tests.test_v3_api_refactoring.TestStatusEndpoint" name="test_status_counts_sum_correctly" time="0.107" /><testcase classname="tests.test_v3_api_refactoring.TestWarZoneEndpoint" name="test_war_zone_returns_200" time="0.117" /><testcase classname="tests.test_v3_api_refactoring.TestWarZoneEndpoint" name="test_war_zone_returns_success_true" time="0.155" /><testcase classname="tests.test_v3_api_refactoring.TestWarZoneEndpoint" name="test_war_zone_has_picks" time="0.125" /><testcase classname="tests.test_v3_api_refactoring.TestWarZoneEndpoint" name="test_war_zone_picks_have_required_fields" time="0.178" /><testcase classname="tests.test_v3_api_refactoring.TestWarZoneEndpoint" name="test_war_zone_returns_up_to_10_picks" time="0.122" /><testcase classname="tests.test_v3_api_refactoring.TestWarZoneEndpoint" name="test_war_zone_picks_have_hit_rates" time="0.113" /><testcase classname="tests.test_v3_api_refactoring.TestGoblinVaultEndpoint" name="test_goblin_vault_returns_200" time="0.157" /><testcase classname="tests.test_v3_api_refactoring.TestGoblinVaultEndpoint" name="test_goblin_vault_returns_success_true" time="0.126" /><testcase classname="tests.test_v3_api_refactoring.TestGoblinVaultEndpoint" name="test_goblin_vault_has_picks" time="0.144" /><testcase classname="tests.test_v3_api_refactoring.TestGoblinVaultEndpoint" name="test_goblin_vault_picks_have_required_fields" time="0.132" /><testcase classname="tests.test_v3_api_refactoring.TestGoblinVaultEndpoint" name="test_goblin_vault_returns_up_to_10_picks" time="0.154" /><testcase classname="tests.test_v3_api_refactoring.TestGoblinVaultEndpoint" name="test_goblin_vault_picks_are_goblins" time="0.125" /><testcase classname="tests.test_v3_api_refactoring.TestFrontLinesEndpoint" name="test_front_lines_returns_200" time="0.134" /><testcase classname="tests.test_v3_api_refactoring.TestFrontLinesEndpoint" name="test_front_lines_returns_success_true" time="0.131" /><testcase classname="tests.test_v3_api_refactoring.TestFrontLinesEndpoint" name="test_front_lines_has_picks" time="0.125" /><testcase classname="tests.test_v3_api_refactoring.TestFrontLinesEndpoint" name="test_front_lines_picks_have_required_fields" time="0.123" /><testcase classname="tests.test_v3_api_refactoring.TestFrontLinesEndpoint" name="test_front_lines_returns_up_to_10_picks" time="0.124" /><testcase classname="tests.test_v3_api_refactoring.TestFrontLinesEndpoint" name="test_front_lines_has_demon_and_goblin_counts" time="0.131" /><testcase classname="tests.test_v3_api_refactoring.TestParlayBuilderEndpoint" name="test_parlay_builder_returns_200" time="0.120" /><testcase classname="tests.test_v3_api_refactoring.TestParlayBuilderEndpoint" name="test_parlay_builder_returns_success_true" time="0.122" /><testcase classname="tests.test_v3_api_refactoring.TestParlayBuilderEndpoint" name="test_parlay_builder_has_parlays" time="0.174" /><testcase classname="tests.test_v3_api_refactoring.TestParlayBuilderEndpoint" name="test_parlay_builder_has_required_parlay_types" time="0.118" /><testcase classname="tests.test_v3_api_refactoring.TestParlayBuilderEndpoint" name="test_parlay_builder_parlays_have_picks" time="0.122" /><testcase classname="tests.test_v3_api_refactoring.TestParlayBuilderEndpoint" name="test_parlay_builder_2_pick_has_2_picks" time="0.147" /><testcase classname="tests.test_v3_api_refactoring.TestParlayBuilderEndpoint" name="test_parlay_builder_picks_have_required_fields" time="0.126" /><testcase classname="tests.test_v3_api_refactoring.TestDataValidation" name="test_all_endpoints_return_valid_json" time="0.639" /><testcase classname="tests.test_v3_api_refactoring.TestDataValidation" name="test_all_endpoints_have_synced_at_timestamp" time="0.559" /><testcase classname="tests.test_v3_api_refactoring.TestDataValidation" name="test_player_names_are_not_empty" time="0.119" /><testcase classname="tests.test_v3_api_refactoring.TestDataValidation" name="test_stat_types_are_valid" time="0.125" /><testcase classname="tests.test_v3_api_refactoring.TestIntegration" name="test_war_zone_uses_demon_data" time="0.129" /><testcase classname="tests.test_v3_api_refactoring.TestIntegration" name="test_goblin_vault_uses_goblin_data" time="0.123" /><testcase classname="tests.test_v3_api_refactoring.TestIntegration" name="test_parlay_builder_picks_unique" time="0.146" /></testsuite></testsuites>