<?xml version="1.0" encoding="utf-8"?><testsuites name="pytest tests"><testsuite name="pytest" errors="0" failures="0" skipped="1" tests="15" time="2.735" timestamp="2026-03-17T18:13:29.382748+00:00" hostname="agent-env-7e030b1d-0dd2-45f1-87d5-fe8c845e9cbf"><testcase classname="tests.test_universal_player_card.TestWarZoneAPI" name="test_war_zone_endpoint_status" time="0.299" /><testcase classname="tests.test_universal_player_card.TestWarZoneAPI" name="test_war_zone_has_picks" time="0.122" /><testcase classname="tests.test_universal_player_card.TestWarZoneAPI" name="test_war_zone_picks_have_tier_label" time="0.204" /><testcase classname="tests.test_universal_player_card.TestWarZoneAPI" name="test_war_zone_picks_have_vault_stats" time="0.174" /><testcase classname="tests.test_universal_player_card.TestSafeHavenAPI" name="test_safe_haven_endpoint_status" time="0.205" /><testcase classname="tests.test_universal_player_card.TestSafeHavenAPI" name="test_safe_haven_has_picks" time="0.209" /><testcase classname="tests.test_universal_player_card.TestSafeHavenAPI" name="test_safe_haven_picks_have_tier_label" time="0.141" /><testcase classname="tests.test_universal_player_card.TestSafeHavenAPI" name="test_safe_haven_picks_have_vault_stats" time="0.138" /><testcase classname="tests.test_universal_player_card.TestFrontLinesAPI" name="test_front_lines_endpoint_status" time="0.130" /><testcase classname="tests.test_universal_player_card.TestFrontLinesAPI" name="test_front_lines_has_picks" time="0.128" /><testcase classname="tests.test_universal_player_card.TestCommandPostProfileAPI" name="test_command_profile_endpoint_status" time="0.172" /><testcase classname="tests.test_universal_player_card.TestCommandPostProfileAPI" name="test_command_profile_has_baseline_stats" time="0.154"><skipped type="pytest.skip" message="No players available on board">/app/backend/tests/test_universal_player_card.py:175: No players available on board</skipped></testcase><testcase classname="tests.test_universal_player_card.TestPickDataStructure" name="test_pick_has_required_fields" time="0.215" /><testcase classname="tests.test_universal_player_card.TestPickDataStructure" name="test_pick_has_hit_rates" time="0.206" /><testcase classname="tests.test_universal_player_card.TestPickDataStructure" name="test_pick_has_diff_from_avg" time="0.174" /></testsuite></testsuites>