<?xml version="1.0" encoding="utf-8"?><testsuites name="pytest tests"><testsuite name="pytest" errors="0" failures="0" skipped="0" tests="23" time="1.410" timestamp="2026-05-23T05:28:22.284385+00:00" hostname="agent-env-2c8658b7-1e6f-4971-8051-37345db57ddd"><testcase classname="tests.test_emergent_admin_research_endpoints" name="test_list_grid_runs" time="0.055" /><testcase classname="tests.test_emergent_admin_research_endpoints" name="test_get_single_run" time="0.081" /><testcase classname="tests.test_emergent_admin_research_endpoints" name="test_grid_results_sort_by_hit_rate" time="0.055" /><testcase classname="tests.test_emergent_admin_research_endpoints" name="test_grid_results_sort_by_calibration_delta_any" time="0.077" /><testcase classname="tests.test_emergent_admin_research_endpoints" name="test_grid_results_filter_by_slice" time="0.055" /><testcase classname="tests.test_emergent_admin_research_endpoints" name="test_get_candidate_thresholds" time="0.051" /><testcase classname="tests.test_emergent_admin_research_endpoints" name="test_meta_sort_metrics" time="0.044" /><testcase classname="tests.test_emergent_admin_research_endpoints" name="test_run_not_found" time="0.069" /><testcase classname="tests.test_emergent_admin_research_endpoints" name="test_auth_required" time="0.026" /><testcase classname="tests.test_emergent_admin_research_endpoints" name="test_invalid_sort_metric" time="0.088" /><testcase classname="tests.test_emergent_admin_research_endpoints" name="test_high_min_bets_excludes_all_returns_empty_lists" time="0.060" /><testcase classname="tests.test_emergent_admin_research_endpoints" name="test_sort_metric_with_no_data_does_not_crash" time="0.075" /><testcase classname="tests.test_emergent_admin_research_endpoints" name="test_worst_list_ordering_most_negative_first" time="0.059" /><testcase classname="tests.test_emergent_admin_research_endpoints" name="test_auth_bad_token_returns_401" time="0.027" /><testcase classname="tests.test_emergent_admin_research_endpoints" name="test_best_by_tier_is_dict_keyed_by_tier" time="0.054" /><testcase classname="tests.test_emergent_admin_research_endpoints" name="test_best_by_stat_family_is_dict_keyed_by_family" time="0.057" /><testcase classname="tests.test_emergent_admin_research_endpoints" name="test_best_by_side_keyed_by_over_under" time="0.075" /><testcase classname="tests.test_emergent_admin_research_endpoints" name="test_existing_optimizer_endpoint_still_works" time="0.027" /><testcase classname="tests.test_emergent_admin_research_endpoints" name="test_existing_jobs_endpoint_still_works" time="0.027" /><testcase classname="tests.test_emergent_admin_research_endpoints" name="test_existing_coverage_endpoint_still_works" time="0.044" /><testcase classname="tests.test_emergent_admin_research_endpoints" name="test_existing_collections_find_endpoint_still_works" time="0.029" /><testcase classname="tests.test_emergent_admin_research_endpoints" name="test_list_candidates_endpoint" time="0.048" /><testcase classname="tests.test_emergent_admin_research_endpoints" name="test_grid_results_404_for_unknown_run" time="0.027" /></testsuite></testsuites>