<?xml version="1.0" encoding="utf-8"?><testsuites name="pytest tests"><testsuite name="pytest" errors="0" failures="0" skipped="0" tests="21" time="3.520" timestamp="2026-04-10T04:08:18.117403+00:00" hostname="agent-env-7e030b1d-0dd2-45f1-87d5-fe8c845e9cbf"><testcase classname="backend.tests.test_mlb_sharp_sorting.TestMLBSharpSortEndpoint" name="test_sharp_sort_returns_success" time="0.261" /><testcase classname="backend.tests.test_mlb_sharp_sorting.TestMLBSharpSortEndpoint" name="test_sharp_sort_returns_counts" time="0.232" /><testcase classname="backend.tests.test_mlb_sharp_sorting.TestMLBSharpSortEndpoint" name="test_sharp_sort_returns_stats" time="0.173" /><testcase classname="backend.tests.test_mlb_sharp_sorting.TestMLBSharpSortEndpoint" name="test_sharp_sort_returns_top_goblins" time="0.213" /><testcase classname="backend.tests.test_mlb_sharp_sorting.TestMLBSharpSortEndpoint" name="test_sharp_sort_with_stat_type_filter" time="0.202" /><testcase classname="backend.tests.test_mlb_sharp_sorting.TestMLBGoblinsEndpoint" name="test_goblins_endpoint_returns_success" time="0.112" /><testcase classname="backend.tests.test_mlb_sharp_sorting.TestMLBGoblinsEndpoint" name="test_goblins_returns_picks_array" time="0.115" /><testcase classname="backend.tests.test_mlb_sharp_sorting.TestMLBGoblinsEndpoint" name="test_goblins_picks_have_required_fields" time="0.171" /><testcase classname="backend.tests.test_mlb_sharp_sorting.TestMLBGoblinsEndpoint" name="test_goblins_limit_parameter" time="0.115" /><testcase classname="backend.tests.test_mlb_sharp_sorting.TestMLBDemonsEndpoint" name="test_demons_endpoint_returns_success" time="0.121" /><testcase classname="backend.tests.test_mlb_sharp_sorting.TestMLBDemonsEndpoint" name="test_demons_returns_picks_array" time="0.118" /><testcase classname="backend.tests.test_mlb_sharp_sorting.TestMLBDemonsEndpoint" name="test_demons_picks_have_required_fields" time="0.111" /><testcase classname="backend.tests.test_mlb_sharp_sorting.TestMLBDemonsEndpoint" name="test_demons_limit_parameter" time="0.115" /><testcase classname="backend.tests.test_mlb_sharp_sorting.TestMLBStandardEndpoint" name="test_standard_endpoint_returns_success" time="0.122" /><testcase classname="backend.tests.test_mlb_sharp_sorting.TestMLBStandardEndpoint" name="test_standard_returns_picks_array" time="0.123" /><testcase classname="backend.tests.test_mlb_sharp_sorting.TestMLBSharpSortingIntegration" name="test_sharp_sort_populates_collections" time="0.538" /><testcase classname="backend.tests.test_mlb_sharp_sorting.TestMLBSharpSortingIntegration" name="test_goblin_classification_criteria" time="0.133" /><testcase classname="backend.tests.test_mlb_sharp_sorting.TestMLBSharpSortingIntegration" name="test_demon_classification_criteria" time="0.125" /><testcase classname="backend.tests.test_mlb_sharp_sorting.TestMLBSharpSortingDataQuality" name="test_picks_have_vk_projection_data" time="0.112" /><testcase classname="backend.tests.test_mlb_sharp_sorting.TestMLBSharpSortingDataQuality" name="test_picks_have_hit_rate_data" time="0.114" /><testcase classname="backend.tests.test_mlb_sharp_sorting.TestMLBSharpSortingDataQuality" name="test_picks_have_edge_data" time="0.107" /></testsuite></testsuites>