<?xml version="1.0" encoding="utf-8"?><testsuites name="pytest tests"><testsuite name="pytest" errors="0" failures="0" skipped="0" tests="6" time="2.148" timestamp="2026-03-13T03:55:29.371399+00:00" hostname="agent-env-7e030b1d-0dd2-45f1-87d5-fe8c845e9cbf"><testcase classname="tests.test_headshot_display.TestHeadshotBugFix" name="test_cached_props_returns_photo_url_for_trey_murphy" time="0.565" /><testcase classname="tests.test_headshot_display.TestHeadshotBugFix" name="test_demon_radar_returns_photo_url_for_trey_murphy" time="0.118" /><testcase classname="tests.test_headshot_display.TestHeadshotBugFix" name="test_goblin_vault_returns_photo_url_for_trey_murphy" time="0.109" /><testcase classname="tests.test_headshot_display.TestHeadshotBugFix" name="test_ace_bailey_has_null_photo_url_fallback" time="0.504" /><testcase classname="tests.test_headshot_display.TestHeadshotBugFix" name="test_photo_url_is_valid_espn_url" time="0.104" /><testcase classname="tests.test_headshot_display.TestHeadshotBugFix" name="test_all_endpoints_include_photo_url_field" time="0.695" /></testsuite></testsuites>