<?xml version="1.0" encoding="utf-8"?><testsuites name="pytest tests"><testsuite name="pytest" errors="0" failures="0" skipped="0" tests="14" time="9.030" timestamp="2026-03-18T21:03:47.502354+00:00" hostname="agent-env-7e030b1d-0dd2-45f1-87d5-fe8c845e9cbf"><testcase classname="backend.tests.test_john_collins_stats_fix.TestJohnCollinsStatsFix" name="test_master_hub_player_by_name_endpoint" time="0.266" /><testcase classname="backend.tests.test_john_collins_stats_fix.TestJohnCollinsStatsFix" name="test_master_hub_game_logs_sorted_by_date" time="0.185" /><testcase classname="backend.tests.test_john_collins_stats_fix.TestJohnCollinsStatsFix" name="test_master_hub_most_recent_game_is_march_2026" time="0.214" /><testcase classname="backend.tests.test_john_collins_stats_fix.TestJohnCollinsStatsFix" name="test_master_hub_baseline_stats_exist" time="0.186" /><testcase classname="backend.tests.test_john_collins_stats_fix.TestJohnCollinsStatsFix" name="test_master_hub_season_avg_reasonable" time="0.164" /><testcase classname="backend.tests.test_john_collins_stats_fix.TestJohnCollinsStatsFix" name="test_player_with_badges_endpoint" time="0.687" /><testcase classname="backend.tests.test_john_collins_stats_fix.TestJohnCollinsStatsFix" name="test_player_with_badges_has_baseline_stats" time="0.547" /><testcase classname="backend.tests.test_john_collins_stats_fix.TestJohnCollinsStatsFix" name="test_player_with_badges_props_have_l5_l10" time="0.563" /><testcase classname="backend.tests.test_john_collins_stats_fix.TestJohnCollinsStatsFix" name="test_dnp_games_excluded_from_averages" time="0.167" /><testcase classname="backend.tests.test_john_collins_stats_fix.TestJohnCollinsStatsFix" name="test_sync_player_endpoint" time="0.173" /><testcase classname="backend.tests.test_john_collins_stats_fix.TestJohnCollinsStatsFix" name="test_command_profile_has_l5_l10" time="0.332" /><testcase classname="backend.tests.test_john_collins_stats_fix.TestGameLogsSortingGeneral" name="test_war_zone_game_logs_sorted" time="1.015" /><testcase classname="backend.tests.test_john_collins_stats_fix.TestGameLogsSortingGeneral" name="test_goblin_vault_game_logs_sorted" time="4.262" /><testcase classname="backend.tests.test_john_collins_stats_fix.TestDNPFilterFunction" name="test_dnp_detection_accuracy" time="0.198" /></testsuite></testsuites>