<?xml version="1.0" encoding="utf-8"?><testsuites name="pytest tests"><testsuite name="pytest" errors="0" failures="1" skipped="0" tests="15" time="121.531" timestamp="2026-04-04T18:50:27.323622+00:00" hostname="agent-env-7e030b1d-0dd2-45f1-87d5-fe8c845e9cbf"><testcase classname="backend.tests.test_propvision_v7_pipeline.TestPropVisionV7Pipeline" name="test_rebuild_endpoint_returns_success" time="60.272"><failure message="AssertionError: Expected 200, got 502: The preview environment is not responding. It may be starting up.&#10;  &#10;assert 502 == 200&#10; +  where 502 = &lt;Response [502]&gt;.status_code">backend/tests/test_propvision_v7_pipeline.py:31: in test_rebuild_endpoint_returns_success
    assert response.status_code == 200, f"Expected 200, got {response.status_code}: {response.text}"
E   AssertionError: Expected 200, got 502: The preview environment is not responding. It may be starting up.
E     
E   assert 502 == 200
E    +  where 502 = &lt;Response [502]&gt;.status_code</failure></testcase><testcase classname="backend.tests.test_propvision_v7_pipeline.TestPropVisionV7Pipeline" name="test_rebuild_returns_exactly_10_picks_per_tier" time="58.929" /><testcase classname="backend.tests.test_propvision_v7_pipeline.TestPropVisionV7Pipeline" name="test_war_zone_picks_are_demons_only" time="0.191" /><testcase classname="backend.tests.test_propvision_v7_pipeline.TestPropVisionV7Pipeline" name="test_safe_haven_picks_are_goblins_only" time="0.115" /><testcase classname="backend.tests.test_propvision_v7_pipeline.TestPropVisionV7Pipeline" name="test_l5_l10_hit_rates_populated" time="0.265" /><testcase classname="backend.tests.test_propvision_v7_pipeline.TestPropVisionV7Pipeline" name="test_board_score_and_pp_edge_calculated" time="0.222" /><testcase classname="backend.tests.test_propvision_v7_pipeline.TestPropVisionV7Pipeline" name="test_board_score_formula_components" time="0.107" /><testcase classname="backend.tests.test_propvision_v7_pipeline.TestPropVisionV7Pipeline" name="test_tier_classification_consistency" time="0.227" /><testcase classname="backend.tests.test_propvision_v7_pipeline.TestPropVisionV7Pipeline" name="test_no_duplicate_players_within_tier" time="0.233" /><testcase classname="backend.tests.test_propvision_v7_pipeline.TestPropVisionV7Pipeline" name="test_all_tiers_endpoint" time="0.172" /><testcase classname="backend.tests.test_propvision_v7_pipeline.TestPropVisionV7Pipeline" name="test_hit_rate_values_are_valid_percentages" time="0.171" /><testcase classname="backend.tests.test_propvision_v7_pipeline.TestPropVisionV7DataQuality" name="test_picks_have_required_fields" time="0.141" /><testcase classname="backend.tests.test_propvision_v7_pipeline.TestPropVisionV7DataQuality" name="test_demon_goblin_mutual_exclusivity" time="0.135" /><testcase classname="backend.tests.test_propvision_v7_pipeline.TestPropVisionV7DataQuality" name="test_war_zone_l10_minimum_threshold" time="0.124" /><testcase classname="backend.tests.test_propvision_v7_pipeline.TestPropVisionV7DataQuality" name="test_safe_haven_high_hit_rates" time="0.124" /></testsuite></testsuites>