<?xml version="1.0" encoding="utf-8"?><testsuites name="pytest tests"><testsuite name="pytest" errors="0" failures="0" skipped="0" tests="16" time="2.358" timestamp="2026-03-13T18:11:12.175617+00:00" hostname="agent-env-7e030b1d-0dd2-45f1-87d5-fe8c845e9cbf"><testcase classname="backend.tests.test_payout_engine.TestCalculatePayoutEndpoint" name="test_calculate_payout_with_mixed_picks_demons_and_standards" time="0.223" /><testcase classname="backend.tests.test_payout_engine.TestCalculatePayoutEndpoint" name="test_calculate_payout_with_all_demons" time="0.138" /><testcase classname="backend.tests.test_payout_engine.TestCalculatePayoutEndpoint" name="test_calculate_payout_with_all_goblins" time="0.143" /><testcase classname="backend.tests.test_payout_engine.TestCalculatePayoutEndpoint" name="test_calculate_payout_with_mixed_demons_goblins_standards" time="0.138" /><testcase classname="backend.tests.test_payout_engine.TestCalculatePayoutEndpoint" name="test_calculate_payout_returns_legs_detail" time="0.130" /><testcase classname="backend.tests.test_payout_engine.TestCalculatePayoutEndpoint" name="test_calculate_payout_validates_min_picks" time="0.161" /><testcase classname="backend.tests.test_payout_engine.TestParlayBuilderPayoutFields" name="test_parlay_builder_returns_payout_fields" time="0.146" /><testcase classname="backend.tests.test_payout_engine.TestParlayBuilderPayoutFields" name="test_parlay_builder_2_pick_base_multiplier" time="0.121" /><testcase classname="backend.tests.test_payout_engine.TestParlayBuilderPayoutFields" name="test_parlay_builder_3_pick_base_multiplier" time="0.164" /><testcase classname="backend.tests.test_payout_engine.TestParlayBuilderPayoutFields" name="test_parlay_builder_6_pick_base_multiplier" time="0.128" /><testcase classname="backend.tests.test_payout_engine.TestGoblinReconPayoutFields" name="test_goblin_recon_returns_payout_fields" time="0.130" /><testcase classname="backend.tests.test_payout_engine.TestGoblinReconPayoutFields" name="test_goblin_recon_goblins_in_asset_breakdown" time="0.122" /><testcase classname="backend.tests.test_payout_engine.TestGoblinReconPayoutFields" name="test_goblin_recon_cumulative_modifier_less_than_1" time="0.120" /><testcase classname="backend.tests.test_payout_engine.TestEndpointAvailability" name="test_calculate_payout_endpoint_exists" time="0.124" /><testcase classname="backend.tests.test_payout_engine.TestEndpointAvailability" name="test_parlay_builder_endpoint_exists" time="0.142" /><testcase classname="backend.tests.test_payout_engine.TestEndpointAvailability" name="test_goblin_recon_endpoint_exists" time="0.148" /></testsuite></testsuites>