<?xml version="1.0" encoding="utf-8"?><testsuites name="pytest tests"><testsuite name="pytest" errors="0" failures="0" skipped="0" tests="29" time="10.048" timestamp="2026-03-12T21:44:53.426173+00:00" hostname="agent-env-7e030b1d-0dd2-45f1-87d5-fe8c845e9cbf"><testcase classname="tests.test_demon_goblin_v3.TestDemonGoblinStatus" name="test_status_returns_success" time="0.311" /><testcase classname="tests.test_demon_goblin_v3.TestDemonGoblinStatus" name="test_status_has_correct_fields" time="0.128" /><testcase classname="tests.test_demon_goblin_v3.TestDemonGoblinStatus" name="test_status_counts_are_positive" time="0.166" /><testcase classname="tests.test_demon_goblin_v3.TestDemonGoblinStatus" name="test_status_counts_sum_to_total" time="0.125" /><testcase classname="tests.test_demon_goblin_v3.TestPlayerDetail" name="test_player_sga_exists" time="0.236" /><testcase classname="tests.test_demon_goblin_v3.TestPlayerDetail" name="test_player_has_required_fields" time="0.139" /><testcase classname="tests.test_demon_goblin_v3.TestPlayerDetail" name="test_player_has_separate_arrays" time="0.163" /><testcase classname="tests.test_demon_goblin_v3.TestPlayerDetail" name="test_player_standard_props_are_main_market" time="0.138" /><testcase classname="tests.test_demon_goblin_v3.TestPlayerDetail" name="test_player_demon_props_are_alternate_with_100_odds" time="0.141" /><testcase classname="tests.test_demon_goblin_v3.TestPlayerDetail" name="test_player_goblin_props_are_alternate_without_100_odds" time="0.161" /><testcase classname="tests.test_demon_goblin_v3.TestPlayerDetail" name="test_player_not_found_returns_404" time="0.181" /><testcase classname="tests.test_demon_goblin_v3.TestDemonsEndpoint" name="test_demons_endpoint_returns_success" time="0.565" /><testcase classname="tests.test_demon_goblin_v3.TestDemonsEndpoint" name="test_demons_all_have_100_odds" time="0.543" /><testcase classname="tests.test_demon_goblin_v3.TestDemonsEndpoint" name="test_demons_all_from_alternate_markets" time="0.529" /><testcase classname="tests.test_demon_goblin_v3.TestGoblinsEndpoint" name="test_goblins_endpoint_returns_success" time="0.413" /><testcase classname="tests.test_demon_goblin_v3.TestGoblinsEndpoint" name="test_goblins_all_have_non_100_odds" time="0.435" /><testcase classname="tests.test_demon_goblin_v3.TestGoblinsEndpoint" name="test_goblins_all_from_alternate_markets" time="0.435" /><testcase classname="tests.test_demon_goblin_v3.TestPlayersListEndpoint" name="test_players_endpoint_returns_success" time="0.221" /><testcase classname="tests.test_demon_goblin_v3.TestPlayersListEndpoint" name="test_players_have_classification_counts" time="0.293" /><testcase classname="tests.test_demon_goblin_v3.TestTrendingEndpoint" name="test_trending_endpoint_returns_success" time="0.156" /><testcase classname="tests.test_demon_goblin_v3.TestTrendingEndpoint" name="test_trending_returns_up_to_10_players" time="0.179" /><testcase classname="tests.test_demon_goblin_v3.TestTrendingEndpoint" name="test_trending_players_have_special_props" time="0.211" /><testcase classname="tests.test_demon_goblin_v3.TestSearchEndpoint" name="test_search_finds_sga" time="0.170" /><testcase classname="tests.test_demon_goblin_v3.TestSearchEndpoint" name="test_search_empty_query" time="0.149" /><testcase classname="tests.test_demon_goblin_v3.TestBoardEndpoint" name="test_board_returns_success" time="1.467" /><testcase classname="tests.test_demon_goblin_v3.TestBoardEndpoint" name="test_board_counts_match_status" time="1.556" /><testcase classname="tests.test_demon_goblin_v3.TestHybridCachingEndpoints" name="test_static_shell_returns_success" time="0.217" /><testcase classname="tests.test_demon_goblin_v3.TestHybridCachingEndpoints" name="test_live_lines_returns_success" time="0.263" /><testcase classname="tests.test_demon_goblin_v3.TestHybridCachingEndpoints" name="test_hydrated_board_returns_success" time="0.271" /></testsuite></testsuites>