<?xml version="1.0" encoding="utf-8"?><testsuites name="pytest tests"><testsuite name="pytest" errors="0" failures="6" skipped="0" tests="16" time="394.364" timestamp="2026-03-15T08:04:20.231481+00:00" hostname="agent-env-7e030b1d-0dd2-45f1-87d5-fe8c845e9cbf"><testcase classname="backend.tests.test_ai_confidence_pickcard.TestWarZoneEndpoint" name="test_war_zone_returns_success" time="60.188"><failure message="assert 502 == 200&#10; +  where 502 = &lt;Response [502]&gt;.status_code">backend/tests/test_ai_confidence_pickcard.py:27: in test_war_zone_returns_success
    assert response.status_code == 200
E   assert 502 == 200
E    +  where 502 = &lt;Response [502]&gt;.status_code</failure></testcase><testcase classname="backend.tests.test_ai_confidence_pickcard.TestWarZoneEndpoint" name="test_war_zone_has_ai_confidence_rating" time="60.210"><failure message="assert 502 == 200&#10; +  where 502 = &lt;Response [502]&gt;.status_code">backend/tests/test_ai_confidence_pickcard.py:35: in test_war_zone_has_ai_confidence_rating
    assert response.status_code == 200
E   assert 502 == 200
E    +  where 502 = &lt;Response [502]&gt;.status_code</failure></testcase><testcase classname="backend.tests.test_ai_confidence_pickcard.TestWarZoneEndpoint" name="test_war_zone_has_l5_data" time="60.186"><failure message="assert 502 == 200&#10; +  where 502 = &lt;Response [502]&gt;.status_code">backend/tests/test_ai_confidence_pickcard.py:51: in test_war_zone_has_l5_data
    assert response.status_code == 200
E   assert 502 == 200
E    +  where 502 = &lt;Response [502]&gt;.status_code</failure></testcase><testcase classname="backend.tests.test_ai_confidence_pickcard.TestWarZoneEndpoint" name="test_war_zone_has_l10_data" time="60.189"><failure message="assert 502 == 200&#10; +  where 502 = &lt;Response [502]&gt;.status_code">backend/tests/test_ai_confidence_pickcard.py:66: in test_war_zone_has_l10_data
    assert response.status_code == 200
E   assert 502 == 200
E    +  where 502 = &lt;Response [502]&gt;.status_code</failure></testcase><testcase classname="backend.tests.test_ai_confidence_pickcard.TestWarZoneEndpoint" name="test_war_zone_has_season_avg" time="60.250"><failure message="assert 502 == 200&#10; +  where 502 = &lt;Response [502]&gt;.status_code">backend/tests/test_ai_confidence_pickcard.py:81: in test_war_zone_has_season_avg
    assert response.status_code == 200
E   assert 502 == 200
E    +  where 502 = &lt;Response [502]&gt;.status_code</failure></testcase><testcase classname="backend.tests.test_ai_confidence_pickcard.TestGoblinVaultEndpoint" name="test_goblin_vault_returns_success" time="60.414"><failure message="assert 502 == 200&#10; +  where 502 = &lt;Response [502]&gt;.status_code">backend/tests/test_ai_confidence_pickcard.py:98: in test_goblin_vault_returns_success
    assert response.status_code == 200
E   assert 502 == 200
E    +  where 502 = &lt;Response [502]&gt;.status_code</failure></testcase><testcase classname="backend.tests.test_ai_confidence_pickcard.TestGoblinVaultEndpoint" name="test_goblin_vault_has_ai_confidence_rating" time="31.390" /><testcase classname="backend.tests.test_ai_confidence_pickcard.TestGoblinVaultEndpoint" name="test_goblin_vault_has_l5_data" time="0.180" /><testcase classname="backend.tests.test_ai_confidence_pickcard.TestGoblinVaultEndpoint" name="test_goblin_vault_has_l10_data" time="0.124" /><testcase classname="backend.tests.test_ai_confidence_pickcard.TestGoblinVaultEndpoint" name="test_goblin_vault_has_season_avg" time="0.113" /><testcase classname="backend.tests.test_ai_confidence_pickcard.TestFrontLinesEndpoint" name="test_front_lines_returns_success" time="0.147" /><testcase classname="backend.tests.test_ai_confidence_pickcard.TestFrontLinesEndpoint" name="test_front_lines_has_ai_confidence_rating" time="0.136" /><testcase classname="backend.tests.test_ai_confidence_pickcard.TestFrontLinesEndpoint" name="test_front_lines_has_l5_data" time="0.131" /><testcase classname="backend.tests.test_ai_confidence_pickcard.TestFrontLinesEndpoint" name="test_front_lines_has_l10_data" time="0.118" /><testcase classname="backend.tests.test_ai_confidence_pickcard.TestFrontLinesEndpoint" name="test_front_lines_has_season_avg" time="0.114" /><testcase classname="backend.tests.test_ai_confidence_pickcard.TestAIConfidenceRatingValues" name="test_ai_confidence_distribution" time="0.353" /></testsuite></testsuites>