<?xml version="1.0" encoding="utf-8"?><testsuites name="pytest tests"><testsuite name="pytest" errors="0" failures="0" skipped="0" tests="16" time="3.245" timestamp="2026-03-16T20:50:00.571698+00:00" hostname="agent-env-7e030b1d-0dd2-45f1-87d5-fe8c845e9cbf"><testcase classname="tests.test_p2_tech_debt.TestCommandSearchEndpoint" name="test_search_lebron" time="0.239" /><testcase classname="tests.test_p2_tech_debt.TestCommandSearchEndpoint" name="test_search_kevin" time="0.280" /><testcase classname="tests.test_p2_tech_debt.TestCommandSearchEndpoint" name="test_search_short_query_rejected" time="0.184" /><testcase classname="tests.test_p2_tech_debt.TestCommandSearchEndpoint" name="test_search_returns_has_stats_field" time="0.200" /><testcase classname="tests.test_p2_tech_debt.TestCommandProfileEndpoint" name="test_profile_lebron_james" time="0.229" /><testcase classname="tests.test_p2_tech_debt.TestCommandProfileEndpoint" name="test_profile_kevin_durant" time="0.156" /><testcase classname="tests.test_p2_tech_debt.TestCommandProfileEndpoint" name="test_profile_nonexistent_player" time="0.158" /><testcase classname="tests.test_p2_tech_debt.TestGoblinVaultEndpoint" name="test_goblin_vault_returns_picks" time="0.448" /><testcase classname="tests.test_p2_tech_debt.TestGoblinVaultEndpoint" name="test_goblin_vault_pick_structure" time="0.245" /><testcase classname="tests.test_p2_tech_debt.TestGoblinVaultEndpoint" name="test_goblin_vault_has_dvp_data" time="0.150" /><testcase classname="tests.test_p2_tech_debt.TestWarZoneEndpoint" name="test_war_zone_returns_picks" time="0.198" /><testcase classname="tests.test_p2_tech_debt.TestWarZoneEndpoint" name="test_war_zone_pick_structure" time="0.153" /><testcase classname="tests.test_p2_tech_debt.TestAPIHealth" name="test_api_root_status" time="0.128" /><testcase classname="tests.test_p2_tech_debt.TestAPIHealth" name="test_command_grades_endpoint" time="0.118" /><testcase classname="tests.test_p2_tech_debt.TestDataIntegrity" name="test_master_hub_photo_urls_used" time="0.131" /><testcase classname="tests.test_p2_tech_debt.TestDataIntegrity" name="test_baseline_stats_present" time="0.139" /></testsuite></testsuites>