<?xml version="1.0" encoding="utf-8"?><testsuites name="pytest tests"><testsuite name="pytest" errors="0" failures="0" skipped="0" tests="14" time="2.282" timestamp="2026-04-01T05:03:54.803416+00:00" hostname="agent-env-7e030b1d-0dd2-45f1-87d5-fe8c845e9cbf"><testcase classname="backend.tests.test_vip_trap_graveyard.TestVIPRoomFiltering" name="test_safe_haven_returns_picks" time="0.185" /><testcase classname="backend.tests.test_vip_trap_graveyard.TestVIPRoomFiltering" name="test_safe_haven_vip_filtered_flag" time="0.120" /><testcase classname="backend.tests.test_vip_trap_graveyard.TestVIPRoomFiltering" name="test_safe_haven_picks_have_required_fields" time="0.133" /><testcase classname="backend.tests.test_vip_trap_graveyard.TestVIPRoomFiltering" name="test_war_zone_vip_filtering" time="0.117" /><testcase classname="backend.tests.test_vip_trap_graveyard.TestVIPRoomFiltering" name="test_front_lines_vip_filtering" time="0.109" /><testcase classname="backend.tests.test_vip_trap_graveyard.TestVIPRoomFiltering" name="test_include_traps_parameter" time="0.128" /><testcase classname="backend.tests.test_vip_trap_graveyard.TestTrapGraveyard" name="test_trap_graveyard_returns_data" time="0.169" /><testcase classname="backend.tests.test_vip_trap_graveyard.TestTrapGraveyard" name="test_trap_graveyard_board_stats_structure" time="0.205" /><testcase classname="backend.tests.test_vip_trap_graveyard.TestTrapGraveyard" name="test_trapped_picks_have_source_board" time="0.135" /><testcase classname="backend.tests.test_vip_trap_graveyard.TestTrapGraveyard" name="test_trapped_picks_have_sidecar_data" time="0.132" /><testcase classname="backend.tests.test_vip_trap_graveyard.TestTrapGraveyard" name="test_trapped_picks_have_required_display_fields" time="0.140" /><testcase classname="backend.tests.test_vip_trap_graveyard.TestTrapGraveyard" name="test_sidecar_enabled_flag" time="0.134" /><testcase classname="backend.tests.test_vip_trap_graveyard.TestVIPTrapIntegration" name="test_filtered_count_matches_graveyard" time="0.263" /><testcase classname="backend.tests.test_vip_trap_graveyard.TestVIPTrapIntegration" name="test_clean_picks_not_in_graveyard" time="0.245" /></testsuite></testsuites>