<?xml version="1.0" encoding="utf-8"?><testsuites name="pytest tests"><testsuite name="pytest" errors="0" failures="0" skipped="0" tests="7" time="1.743" timestamp="2026-03-17T18:04:49.700966+00:00" hostname="agent-env-7e030b1d-0dd2-45f1-87d5-fe8c845e9cbf"><testcase classname="backend.tests.test_pick_card_stats_separation.TestCommandSearchEndpoint" name="test_search_returns_has_stats_field" time="0.297" /><testcase classname="backend.tests.test_pick_card_stats_separation.TestCommandSearchEndpoint" name="test_search_returns_headshot_url" time="0.162" /><testcase classname="backend.tests.test_pick_card_stats_separation.TestCommandProfileEndpoint" name="test_profile_returns_baseline_stats" time="0.225" /><testcase classname="backend.tests.test_pick_card_stats_separation.TestCommandProfileEndpoint" name="test_profile_returns_correct_structure" time="0.335" /><testcase classname="backend.tests.test_pick_card_stats_separation.TestWarZoneEndpoint" name="test_war_zone_pick_structure" time="0.165" /><testcase classname="backend.tests.test_pick_card_stats_separation.TestGoblinVaultEndpoint" name="test_goblin_vault_pick_structure" time="0.127" /><testcase classname="backend.tests.test_pick_card_stats_separation.TestStatsDataSeparation" name="test_profile_has_more_stats_than_picks" time="0.366" /></testsuite></testsuites>