<?xml version="1.0" encoding="utf-8"?><testsuites name="pytest tests"><testsuite name="pytest" errors="0" failures="0" skipped="0" tests="42" time="18.744" timestamp="2026-03-15T17:49:40.846098+00:00" hostname="agent-env-7e030b1d-0dd2-45f1-87d5-fe8c845e9cbf"><testcase classname="tests.test_v3_refactoring_phase3.TestStatusEndpoint" name="test_status_returns_success" time="0.223" /><testcase classname="tests.test_v3_refactoring_phase3.TestStatusEndpoint" name="test_status_has_required_fields" time="0.133" /><testcase classname="tests.test_v3_refactoring_phase3.TestStatusEndpoint" name="test_status_counts_are_positive" time="0.113" /><testcase classname="tests.test_v3_refactoring_phase3.TestWarZoneEndpoint" name="test_war_zone_returns_success" time="0.139" /><testcase classname="tests.test_v3_refactoring_phase3.TestWarZoneEndpoint" name="test_war_zone_returns_10_picks" time="0.171" /><testcase classname="tests.test_v3_refactoring_phase3.TestWarZoneEndpoint" name="test_war_zone_picks_have_required_fields" time="0.121" /><testcase classname="tests.test_v3_refactoring_phase3.TestWarZoneEndpoint" name="test_war_zone_picks_have_scoring_fields" time="0.132" /><testcase classname="tests.test_v3_refactoring_phase3.TestWarZoneEndpoint" name="test_war_zone_picks_have_heat_level" time="0.157" /><testcase classname="tests.test_v3_refactoring_phase3.TestWarZoneEndpoint" name="test_war_zone_has_algorithm_description" time="0.125" /><testcase classname="tests.test_v3_refactoring_phase3.TestGoblinVaultEndpoint" name="test_goblin_vault_returns_success" time="0.150" /><testcase classname="tests.test_v3_refactoring_phase3.TestGoblinVaultEndpoint" name="test_goblin_vault_returns_10_picks" time="0.143" /><testcase classname="tests.test_v3_refactoring_phase3.TestGoblinVaultEndpoint" name="test_goblin_vault_picks_have_required_fields" time="0.137" /><testcase classname="tests.test_v3_refactoring_phase3.TestGoblinVaultEndpoint" name="test_goblin_vault_picks_have_vault_score" time="0.134" /><testcase classname="tests.test_v3_refactoring_phase3.TestGoblinVaultEndpoint" name="test_goblin_vault_picks_have_safety_level" time="0.143" /><testcase classname="tests.test_v3_refactoring_phase3.TestGoblinVaultEndpoint" name="test_goblin_vault_has_god_tier_algorithm" time="0.139" /><testcase classname="tests.test_v3_refactoring_phase3.TestFrontLinesEndpoint" name="test_front_lines_returns_success" time="0.130" /><testcase classname="tests.test_v3_refactoring_phase3.TestFrontLinesEndpoint" name="test_front_lines_returns_10_picks" time="0.133" /><testcase classname="tests.test_v3_refactoring_phase3.TestFrontLinesEndpoint" name="test_front_lines_picks_have_required_fields" time="0.122" /><testcase classname="tests.test_v3_refactoring_phase3.TestFrontLinesEndpoint" name="test_front_lines_picks_have_bullet_level" time="0.139" /><testcase classname="tests.test_v3_refactoring_phase3.TestFrontLinesEndpoint" name="test_front_lines_has_demon_goblin_counts" time="0.136" /><testcase classname="tests.test_v3_refactoring_phase3.TestParlayBuilderEndpoint" name="test_parlay_builder_returns_success" time="0.173" /><testcase classname="tests.test_v3_refactoring_phase3.TestParlayBuilderEndpoint" name="test_parlay_builder_returns_5_parlay_types" time="0.139" /><testcase classname="tests.test_v3_refactoring_phase3.TestParlayBuilderEndpoint" name="test_parlay_builder_each_type_has_picks" time="0.135" /><testcase classname="tests.test_v3_refactoring_phase3.TestParlayBuilderEndpoint" name="test_parlay_builder_picks_have_player_info" time="0.124" /><testcase classname="tests.test_v3_refactoring_phase3.TestParlayBuilderEndpoint" name="test_parlay_builder_has_payout_info" time="0.118" /><testcase classname="tests.test_v3_refactoring_phase3.TestBoardEndpoint" name="test_board_returns_success" time="1.965" /><testcase classname="tests.test_v3_refactoring_phase3.TestBoardEndpoint" name="test_board_returns_players" time="1.915" /><testcase classname="tests.test_v3_refactoring_phase3.TestBoardEndpoint" name="test_board_players_have_required_fields" time="1.705" /><testcase classname="tests.test_v3_refactoring_phase3.TestCrossServiceConsistency" name="test_status_counts_match_board_data" time="1.858" /><testcase classname="tests.test_v3_refactoring_phase3.TestCrossServiceConsistency" name="test_all_tier_endpoints_share_sync_time" time="0.398" /><testcase classname="tests.test_v3_refactoring_phase3.TestServiceDelegation" name="test_tier_endpoints_use_picks_getter_service" time="0.379" /><testcase classname="tests.test_v3_refactoring_phase3.TestServiceDelegation" name="test_parlay_builder_uses_parlay_builder_service" time="0.143" /><testcase classname="tests.test_v3_refactoring_phase3.TestDataIntegrity" name="test_all_picks_have_valid_player_names" time="0.416" /><testcase classname="tests.test_v3_refactoring_phase3.TestDataIntegrity" name="test_all_picks_have_valid_stat_types" time="0.446" /><testcase classname="tests.test_v3_refactoring_phase3.TestDataIntegrity" name="test_all_picks_have_positive_lines" time="0.395" /><testcase classname="tests.test_v3_refactoring_phase3.TestDataIntegrity" name="test_hit_rates_in_valid_range" time="0.434" /><testcase classname="tests.test_v3_refactoring_phase3.TestRefactoringVerification" name="test_engine_line_count_reduced" time="0.000" /><testcase classname="tests.test_v3_refactoring_phase3.TestRefactoringVerification" name="test_new_services_created_in_phase3" time="0.000" /><testcase classname="tests.test_v3_refactoring_phase3.TestRefactoringVerification" name="test_proxy_delegation_working" time="2.389" /><testcase classname="tests.test_v3_refactoring_phase3.TestCachedPropsEndpoint" name="test_cached_props_returns_success" time="0.865" /><testcase classname="tests.test_v3_refactoring_phase3.TestCachedPropsEndpoint" name="test_cached_props_returns_players" time="0.949" /><testcase classname="tests.test_v3_refactoring_phase3.TestCachedPropsEndpoint" name="test_cached_props_includes_synced_at" time="0.879" /></testsuite></testsuites>