<?xml version="1.0" encoding="utf-8"?><testsuites name="pytest tests"><testsuite name="pytest" errors="0" failures="0" skipped="0" tests="13" time="3.260" timestamp="2026-03-28T20:44:56.582638+00:00" hostname="agent-env-7e030b1d-0dd2-45f1-87d5-fe8c845e9cbf"><testcase classname="tests.test_vision_intel_v2.TestBackendHealth" name="test_backend_health" time="0.168" /><testcase classname="tests.test_vision_intel_v2.TestPlayerWithBadgesEndpoint" name="test_response_time_under_2_seconds" time="0.858" /><testcase classname="tests.test_vision_intel_v2.TestPlayerWithBadgesEndpoint" name="test_vision_summary_present" time="0.145" /><testcase classname="tests.test_vision_intel_v2.TestPlayerWithBadgesEndpoint" name="test_intel_suite_structure" time="0.161" /><testcase classname="tests.test_vision_intel_v2.TestVisionIntelPreCachedSource" name="test_pre_cached_source_indicator" time="0.597" /><testcase classname="tests.test_vision_intel_v2.TestWarZoneEndpoint" name="test_war_zone_returns_picks" time="0.115" /><testcase classname="tests.test_vision_intel_v2.TestWarZoneEndpoint" name="test_war_zone_picks_are_demons" time="0.123" /><testcase classname="tests.test_vision_intel_v2.TestGoblinVaultEndpoint" name="test_goblin_vault_returns_picks" time="0.121" /><testcase classname="tests.test_vision_intel_v2.TestGoblinVaultEndpoint" name="test_goblin_vault_has_high_hit_rates" time="0.118" /><testcase classname="tests.test_vision_intel_v2.TestFrontLinesEndpoint" name="test_front_lines_returns_picks" time="0.119" /><testcase classname="tests.test_vision_intel_v2.TestCachedBoardVisionPreservation" name="test_vision_fields_in_cached_props" time="0.213" /><testcase classname="tests.test_vision_intel_v2.TestNBACareerServiceJSONDecode" name="test_no_json_decode_errors" time="0.353" /><testcase classname="tests.test_vision_intel_v2.TestVisionIntelEnrichmentStats" name="test_enrichment_stats_endpoint" time="0.105" /></testsuite></testsuites>