<?xml version="1.0" encoding="utf-8"?><testsuites name="pytest tests"><testsuite name="pytest" errors="0" failures="0" skipped="0" tests="15" time="4.791" timestamp="2026-03-17T22:20:03.560084+00:00" hostname="agent-env-7e030b1d-0dd2-45f1-87d5-fe8c845e9cbf"><testcase classname="backend.tests.test_context_badges.TestPlayerWithBadgesEndpoint" name="test_endpoint_returns_success_for_valid_player" time="0.295" /><testcase classname="backend.tests.test_context_badges.TestPlayerWithBadgesEndpoint" name="test_endpoint_returns_failure_for_missing_player" time="0.253" /><testcase classname="backend.tests.test_context_badges.TestPlayerWithBadgesEndpoint" name="test_response_contains_active_badges_array" time="0.199" /><testcase classname="backend.tests.test_context_badges.TestPlayerWithBadgesEndpoint" name="test_response_contains_badges_array_with_full_objects" time="0.200" /><testcase classname="backend.tests.test_context_badges.TestLockedInBadge" name="test_lamelo_ball_has_locked_in_badge" time="0.128" /><testcase classname="backend.tests.test_context_badges.TestLockedInBadge" name="test_test_badges_endpoint_validates_locked_in_logic" time="0.115" /><testcase classname="backend.tests.test_context_badges.TestMilestoneBadge" name="test_lamelo_ball_has_milestone_badge" time="0.171" /><testcase classname="backend.tests.test_context_badges.TestMilestoneBadge" name="test_james_harden_has_milestone_badge" time="0.362" /><testcase classname="backend.tests.test_context_badges.TestHomeCookinBadge" name="test_donovan_mitchell_has_home_cookin_badge" time="0.319" /><testcase classname="backend.tests.test_context_badges.TestBadgeDataFormat" name="test_badge_keys_are_valid_registry_keys" time="0.203" /><testcase classname="backend.tests.test_context_badges.TestBadgeDataFormat" name="test_badge_severity_is_numeric" time="0.141" /><testcase classname="backend.tests.test_context_badges.TestBadgeDataFormat" name="test_badge_colors_are_hex" time="0.134" /><testcase classname="backend.tests.test_context_badges.TestEmptyBadgesCase" name="test_player_without_badges_has_empty_arrays" time="0.804" /><testcase classname="backend.tests.test_context_badges.TestMultiplePlayersComparison" name="test_known_badge_assignments" time="0.664" /><testcase classname="backend.tests.test_context_badges.TestCachedPropsDoNotHaveBadges" name="test_cached_props_players_structure" time="0.723" /></testsuite></testsuites>