<?xml version="1.0" encoding="utf-8"?><testsuites name="pytest tests"><testsuite name="pytest" errors="0" failures="0" skipped="0" tests="18" time="5.849" timestamp="2026-03-28T20:23:18.980450+00:00" hostname="agent-env-7e030b1d-0dd2-45f1-87d5-fe8c845e9cbf"><testcase classname="tests.test_vision_intel_precache.TestBackendHealth" name="test_backend_status" time="0.183" /><testcase classname="tests.test_vision_intel_precache.TestPlayerWithBadgesPerformance" name="test_player_with_badges_response_time_joel_embiid" time="0.592" /><testcase classname="tests.test_vision_intel_precache.TestPlayerWithBadgesPerformance" name="test_player_with_badges_response_time_lamelo_ball" time="0.159" /><testcase classname="tests.test_vision_intel_precache.TestPlayerWithBadgesPerformance" name="test_player_with_badges_response_time_kyle_filipowski" time="0.187" /><testcase classname="tests.test_vision_intel_precache.TestPlayerWithBadgesPerformance" name="test_player_with_badges_has_intel_suite" time="0.160" /><testcase classname="tests.test_vision_intel_precache.TestWarZoneEndpoint" name="test_war_zone_returns_picks" time="0.126" /><testcase classname="tests.test_vision_intel_precache.TestWarZoneEndpoint" name="test_war_zone_picks_are_demons" time="0.110" /><testcase classname="tests.test_vision_intel_precache.TestWarZoneEndpoint" name="test_war_zone_picks_have_required_fields" time="0.116" /><testcase classname="tests.test_vision_intel_precache.TestGoblinVaultEndpoint" name="test_goblin_vault_returns_picks" time="0.126" /><testcase classname="tests.test_vision_intel_precache.TestGoblinVaultEndpoint" name="test_goblin_vault_picks_are_goblins" time="0.133" /><testcase classname="tests.test_vision_intel_precache.TestGoblinVaultEndpoint" name="test_goblin_vault_picks_have_high_hit_rates" time="0.158" /><testcase classname="tests.test_vision_intel_precache.TestFrontLinesEndpoint" name="test_front_lines_returns_picks" time="0.113" /><testcase classname="tests.test_vision_intel_precache.TestFrontLinesEndpoint" name="test_front_lines_picks_have_required_fields" time="0.125" /><testcase classname="tests.test_vision_intel_precache.TestVisionIntelNoJITCalls" name="test_vision_insight_source_is_not_jit" time="0.157" /><testcase classname="tests.test_vision_intel_precache.TestVisionIntelNoJITCalls" name="test_player_with_badges_response_time_multiple_players" time="2.455" /><testcase classname="tests.test_vision_intel_precache.TestNBACareerServiceJSONDecode" name="test_player_with_badges_no_500_errors" time="0.489" /><testcase classname="tests.test_vision_intel_precache.TestCachedPropsEndpoint" name="test_cached_props_returns_data" time="0.198" /><testcase classname="tests.test_vision_intel_precache.TestCachedPropsEndpoint" name="test_cached_props_response_time" time="0.181" /></testsuite></testsuites>