<?xml version="1.0" encoding="utf-8"?><testsuites name="pytest tests"><testsuite name="pytest" errors="0" failures="0" skipped="0" tests="18" time="8.790" timestamp="2026-03-12T18:25:16.802822+00:00" hostname="agent-env-7e030b1d-0dd2-45f1-87d5-fe8c845e9cbf"><testcase classname="tests.test_nba_bestbets_api.TestHealthAndRoot" name="test_root_endpoint" time="0.182" /><testcase classname="tests.test_nba_bestbets_api.TestTodaysGames" name="test_todays_games_returns_data" time="0.151" /><testcase classname="tests.test_nba_bestbets_api.TestTodaysGames" name="test_todays_games_structure" time="0.125" /><testcase classname="tests.test_nba_bestbets_api.TestHitRateCalculation" name="test_hit_rate_lebron_points" time="0.474" /><testcase classname="tests.test_nba_bestbets_api.TestHitRateCalculation" name="test_hit_rate_curry_points" time="0.333" /><testcase classname="tests.test_nba_bestbets_api.TestHitRateCalculation" name="test_hit_rate_rebounds" time="0.324" /><testcase classname="tests.test_nba_bestbets_api.TestHitRateCalculation" name="test_hit_rate_assists" time="0.319" /><testcase classname="tests.test_nba_bestbets_api.TestHitRateCalculation" name="test_hit_rate_trends" time="0.280" /><testcase classname="tests.test_nba_bestbets_api.TestHitRateCalculation" name="test_hit_rate_last_5_games" time="0.318" /><testcase classname="tests.test_nba_bestbets_api.TestCacheStatus" name="test_cache_status_returns_data" time="0.171" /><testcase classname="tests.test_nba_bestbets_api.TestCacheStatus" name="test_cache_has_roster_entries" time="0.163" /><testcase classname="tests.test_nba_bestbets_api.TestRosterStatus" name="test_roster_status_returns_data" time="0.145" /><testcase classname="tests.test_nba_bestbets_api.TestRosterStatus" name="test_roster_has_players" time="0.106" /><testcase classname="tests.test_nba_bestbets_api.TestDailySync" name="test_trigger_daily_sync" time="3.739" /><testcase classname="tests.test_nba_bestbets_api.TestFullBoard" name="test_full_board_returns_data" time="0.628" /><testcase classname="tests.test_nba_bestbets_api.TestFullBoard" name="test_full_board_market_filter" time="0.563" /><testcase classname="tests.test_nba_bestbets_api.TestDemonValidation" name="test_validate_demon_line" time="0.557" /><testcase classname="tests.test_nba_bestbets_api.TestRateLimitStatus" name="test_rate_limit_status" time="0.134" /></testsuite></testsuites>