<?xml version="1.0" encoding="utf-8"?><testsuites name="pytest tests"><testsuite name="pytest" errors="0" failures="0" skipped="0" tests="16" time="2.131" timestamp="2026-03-13T05:27:51.457650+00:00" hostname="agent-env-7e030b1d-0dd2-45f1-87d5-fe8c845e9cbf"><testcase classname="backend.tests.test_advanced_analytics_insights.TestSyncDailyInsights" name="test_sync_insights_endpoint_exists" time="0.220" /><testcase classname="backend.tests.test_advanced_analytics_insights.TestSyncDailyInsights" name="test_sync_insights_returns_player_count" time="0.234" /><testcase classname="backend.tests.test_advanced_analytics_insights.TestPlayerInsightsAPI" name="test_get_kevin_durant_insights" time="0.101" /><testcase classname="backend.tests.test_advanced_analytics_insights.TestPlayerInsightsAPI" name="test_insights_volatility_score_valid" time="0.104" /><testcase classname="backend.tests.test_advanced_analytics_insights.TestPlayerInsightsAPI" name="test_insights_pace_adjustment_factor" time="0.104" /><testcase classname="backend.tests.test_advanced_analytics_insights.TestPlayerInsightsAPI" name="test_insights_usage_bump_percent" time="0.118" /><testcase classname="backend.tests.test_advanced_analytics_insights.TestPlayerInsightsAPI" name="test_insights_ai_confidence_rating" time="0.106" /><testcase classname="backend.tests.test_advanced_analytics_insights.TestPlayerInsightsAPI" name="test_insights_summary_not_empty" time="0.132" /><testcase classname="backend.tests.test_advanced_analytics_insights.TestPlayerInsightsAPI" name="test_nonexistent_player_returns_404" time="0.110" /><testcase classname="backend.tests.test_advanced_analytics_insights.TestCachedPlayerWithInsights" name="test_cached_player_includes_insights" time="0.115" /><testcase classname="backend.tests.test_advanced_analytics_insights.TestCachedPlayerWithInsights" name="test_cached_player_insights_volatility_score" time="0.162" /><testcase classname="backend.tests.test_advanced_analytics_insights.TestCachedPlayerWithInsights" name="test_cached_player_insights_pace_factor" time="0.116" /><testcase classname="backend.tests.test_advanced_analytics_insights.TestCachedPlayerWithInsights" name="test_cached_player_insights_ai_confidence" time="0.118" /><testcase classname="backend.tests.test_advanced_analytics_insights.TestCachedPlayerWithInsights" name="test_cached_player_insights_summary" time="0.111" /><testcase classname="backend.tests.test_advanced_analytics_insights.TestV3StatusEndpoint" name="test_status_returns_200" time="0.119" /><testcase classname="backend.tests.test_advanced_analytics_insights.TestV3StatusEndpoint" name="test_status_has_sync_date" time="0.106" /></testsuite></testsuites>