<?xml version="1.0" encoding="utf-8"?><testsuites name="pytest tests"><testsuite name="pytest" errors="0" failures="0" skipped="0" tests="30" time="6.766" timestamp="2026-04-02T14:22:54.164673+00:00" hostname="agent-env-7e030b1d-0dd2-45f1-87d5-fe8c845e9cbf"><testcase classname="backend.tests.test_ferrari_v6_pipeline.TestFerrariSafeHaven" name="test_safe_haven_returns_200" time="0.232" /><testcase classname="backend.tests.test_ferrari_v6_pipeline.TestFerrariSafeHaven" name="test_safe_haven_returns_10_picks" time="0.190" /><testcase classname="backend.tests.test_ferrari_v6_pipeline.TestFerrariSafeHaven" name="test_safe_haven_has_verification_stats" time="0.110" /><testcase classname="backend.tests.test_ferrari_v6_pipeline.TestFerrariSafeHaven" name="test_safe_haven_picks_have_power_score" time="0.113" /><testcase classname="backend.tests.test_ferrari_v6_pipeline.TestFerrariSafeHaven" name="test_safe_haven_picks_have_components" time="0.132" /><testcase classname="backend.tests.test_ferrari_v6_pipeline.TestFerrariFrontLines" name="test_front_lines_returns_200" time="0.107" /><testcase classname="backend.tests.test_ferrari_v6_pipeline.TestFerrariFrontLines" name="test_front_lines_returns_10_picks" time="0.110" /><testcase classname="backend.tests.test_ferrari_v6_pipeline.TestFerrariFrontLines" name="test_front_lines_has_verification_stats" time="0.158" /><testcase classname="backend.tests.test_ferrari_v6_pipeline.TestFerrariFrontLines" name="test_front_lines_picks_have_power_score" time="0.123" /><testcase classname="backend.tests.test_ferrari_v6_pipeline.TestFerrariWarZone" name="test_war_zone_returns_200" time="0.177" /><testcase classname="backend.tests.test_ferrari_v6_pipeline.TestFerrariWarZone" name="test_war_zone_returns_10_picks" time="0.147" /><testcase classname="backend.tests.test_ferrari_v6_pipeline.TestFerrariWarZone" name="test_war_zone_has_verification_stats" time="0.110" /><testcase classname="backend.tests.test_ferrari_v6_pipeline.TestFerrariWarZone" name="test_war_zone_picks_have_power_score" time="0.114" /><testcase classname="backend.tests.test_ferrari_v6_pipeline.TestFerrariAll" name="test_all_returns_200" time="0.112" /><testcase classname="backend.tests.test_ferrari_v6_pipeline.TestFerrariAll" name="test_all_contains_three_tiers" time="0.105" /><testcase classname="backend.tests.test_ferrari_v6_pipeline.TestFerrariAll" name="test_all_has_verification_object" time="0.121" /><testcase classname="backend.tests.test_ferrari_v6_pipeline.TestFerrariAll" name="test_all_elite_opportunities_equals_30" time="0.127" /><testcase classname="backend.tests.test_ferrari_v6_pipeline.TestFerrariAll" name="test_all_verification_message_format" time="0.137" /><testcase classname="backend.tests.test_ferrari_v6_pipeline.TestFerrariRebuild" name="test_rebuild_returns_200" time="0.599" /><testcase classname="backend.tests.test_ferrari_v6_pipeline.TestFerrariRebuild" name="test_rebuild_returns_success" time="0.533" /><testcase classname="backend.tests.test_ferrari_v6_pipeline.TestFerrariRebuild" name="test_rebuild_has_verification_message" time="0.587" /><testcase classname="backend.tests.test_ferrari_v6_pipeline.TestFerrariRebuild" name="test_rebuild_has_pipeline_info" time="0.585" /><testcase classname="backend.tests.test_ferrari_v6_pipeline.TestFerrariRebuild" name="test_rebuild_has_universal_scan_stats" time="0.569" /><testcase classname="backend.tests.test_ferrari_v6_pipeline.TestFerrariRebuild" name="test_rebuild_has_output_counts" time="0.611" /><testcase classname="backend.tests.test_ferrari_v6_pipeline.TestPowerScoreCalculation" name="test_power_score_within_range" time="0.132" /><testcase classname="backend.tests.test_ferrari_v6_pipeline.TestPowerScoreCalculation" name="test_components_within_range" time="0.145" /><testcase classname="backend.tests.test_ferrari_v6_pipeline.TestPowerScoreCalculation" name="test_power_score_formula" time="0.129" /><testcase classname="backend.tests.test_ferrari_v6_pipeline.TestTierSorting" name="test_safe_haven_sorted_by_power_score" time="0.124" /><testcase classname="backend.tests.test_ferrari_v6_pipeline.TestTierSorting" name="test_front_lines_sorted_by_power_score" time="0.120" /><testcase classname="backend.tests.test_ferrari_v6_pipeline.TestTierSorting" name="test_war_zone_sorted_by_power_score" time="0.116" /></testsuite></testsuites>